  [1m[35m (122.3ms)[0m  [1m[35mCREATE DATABASE "blogapp_development" ENCODING = 'unicode'[0m
  [1m[35m (72.6ms)[0m  [1m[35mCREATE DATABASE "blogapp_test" ENCODING = 'unicode'[0m
  [1m[35m (13.8ms)[0m  [1m[35mCREATE TABLE "schema_migrations" ("version" character varying NOT NULL PRIMARY KEY)[0m
  [1m[35m (1.2ms)[0m  [1m[35mCREATE TABLE "ar_internal_metadata" ("key" character varying NOT NULL PRIMARY KEY, "value" character varying, "created_at" timestamp(6) NOT NULL, "updated_at" timestamp(6) NOT NULL)[0m
  [1m[35m (0.5ms)[0m  [1m[34mSELECT pg_try_advisory_lock(42787528897884960)[0m
  [1m[36mActiveRecord::SchemaMigration Pluck (0.2ms)[0m  [1m[34mSELECT "schema_migrations"."version" FROM "schema_migrations" ORDER BY "schema_migrations"."version" ASC[0m
Migrating to DeviseCreateUsers (20240213194238)
  [1m[36mTRANSACTION (0.1ms)[0m  [1m[35mBEGIN[0m
  [1m[35m (2.7ms)[0m  [1m[35mCREATE TABLE "users" ("id" bigserial primary key, "email" character varying DEFAULT '' NOT NULL, "encrypted_password" character varying DEFAULT '' NOT NULL, "reset_password_token" character varying, "reset_password_sent_at" timestamp(6), "remember_created_at" timestamp(6), "created_at" timestamp(6) NOT NULL, "updated_at" timestamp(6) NOT NULL)[0m
  [1m[35m (0.9ms)[0m  [1m[35mCREATE UNIQUE INDEX "index_users_on_email" ON "users" ("email")[0m
  [1m[35m (0.7ms)[0m  [1m[35mCREATE UNIQUE INDEX "index_users_on_reset_password_token" ON "users" ("reset_password_token")[0m
  [1m[36mActiveRecord::SchemaMigration Create (0.8ms)[0m  [1m[32mINSERT INTO "schema_migrations" ("version") VALUES ($1) RETURNING "version"[0m  [["version", "20240213194238"]]
  [1m[36mTRANSACTION (0.4ms)[0m  [1m[35mCOMMIT[0m
Migrating to CreateBlogs (20240213194340)
  [1m[36mTRANSACTION (0.3ms)[0m  [1m[35mBEGIN[0m
  [1m[35m (5.2ms)[0m  [1m[35mCREATE TABLE "blogs" ("id" bigserial primary key, "title" character varying, "body" text, "user_id" bigint NOT NULL, "created_at" timestamp(6) NOT NULL, "updated_at" timestamp(6) NOT NULL, CONSTRAINT "fk_rails_40ebb3948d"
FOREIGN KEY ("user_id")
  REFERENCES "users" ("id")
)[0m
  [1m[35m (0.4ms)[0m  [1m[35mCREATE INDEX "index_blogs_on_user_id" ON "blogs" ("user_id")[0m
  [1m[36mActiveRecord::SchemaMigration Create (0.1ms)[0m  [1m[32mINSERT INTO "schema_migrations" ("version") VALUES ($1) RETURNING "version"[0m  [["version", "20240213194340"]]
  [1m[36mTRANSACTION (0.3ms)[0m  [1m[35mCOMMIT[0m
  [1m[36mActiveRecord::InternalMetadata Load (0.4ms)[0m  [1m[34mSELECT "ar_internal_metadata".* FROM "ar_internal_metadata" WHERE "ar_internal_metadata"."key" = $1 LIMIT $2[0m  [["key", "environment"], ["LIMIT", 1]]
  [1m[36mTRANSACTION (0.1ms)[0m  [1m[35mBEGIN[0m
  [1m[36mActiveRecord::InternalMetadata Create (0.9ms)[0m  [1m[32mINSERT INTO "ar_internal_metadata" ("key", "value", "created_at", "updated_at") VALUES ($1, $2, $3, $4) RETURNING "key"[0m  [["key", "environment"], ["value", "development"], ["created_at", "2024-05-30 15:21:02.896663"], ["updated_at", "2024-05-30 15:21:02.896663"]]
  [1m[36mTRANSACTION (0.4ms)[0m  [1m[35mCOMMIT[0m
  [1m[35m (0.2ms)[0m  [1m[34mSELECT pg_advisory_unlock(42787528897884960)[0m
  [1m[36mActiveRecord::SchemaMigration Pluck (0.3ms)[0m  [1m[34mSELECT "schema_migrations"."version" FROM "schema_migrations" ORDER BY "schema_migrations"."version" ASC[0m
  [1m[36mActiveRecord::SchemaMigration Pluck (1.1ms)[0m  [1m[34mSELECT "schema_migrations"."version" FROM "schema_migrations" ORDER BY "schema_migrations"."version" ASC[0m
Started GET "/" for ::1 at 2024-05-30 20:22:02 +0500
  [1m[36mActiveRecord::SchemaMigration Pluck (0.7ms)[0m  [1m[34mSELECT "schema_migrations"."version" FROM "schema_migrations" ORDER BY "schema_migrations"."version" ASC[0m
Processing by BlogsController#index as HTML
Completed 401 Unauthorized in 6ms (ActiveRecord: 0.0ms | Allocations: 6332)


Started GET "/users/sign_in" for ::1 at 2024-05-30 20:22:02 +0500
Processing by Devise::SessionsController#new as HTML
  Rendering layout layouts/application.html.erb
  Rendering /Users/uzair/.asdf/installs/ruby/3.0.2/lib/ruby/gems/3.0.0/gems/devise-4.9.3/app/views/devise/sessions/new.html.erb within layouts/application
  Rendered /Users/uzair/.asdf/installs/ruby/3.0.2/lib/ruby/gems/3.0.0/gems/devise-4.9.3/app/views/devise/shared/_links.html.erb (Duration: 1.0ms | Allocations: 1013)
  Rendered /Users/uzair/.asdf/installs/ruby/3.0.2/lib/ruby/gems/3.0.0/gems/devise-4.9.3/app/views/devise/sessions/new.html.erb within layouts/application (Duration: 8.8ms | Allocations: 5841)
  Rendered layout layouts/application.html.erb (Duration: 11.9ms | Allocations: 10185)
Completed 500 Internal Server Error in 31ms (ActiveRecord: 4.3ms | Allocations: 32827)


  
ActionView::Template::Error (The asset "application.css" is not present in the asset pipeline.
):
     6:     <%= csrf_meta_tags %>
     7:     <%= csp_meta_tag %>
     8: 
     9:     <%= stylesheet_link_tag "application", "data-turbo-track": "reload" %>
    10:     <%= javascript_include_tag "application", "data-turbo-track": "reload", type: "module" %>
    11:   </head>
    12: 
  
app/views/layouts/application.html.erb:9
Started GET "/users/sign_in" for ::1 at 2024-05-30 20:25:29 +0500
  [1m[36mActiveRecord::SchemaMigration Pluck (1.0ms)[0m  [1m[34mSELECT "schema_migrations"."version" FROM "schema_migrations" ORDER BY "schema_migrations"."version" ASC[0m
Processing by Devise::SessionsController#new as HTML
  Rendering layout layouts/application.html.erb
  Rendering /Users/uzair/.asdf/installs/ruby/3.0.2/lib/ruby/gems/3.0.0/gems/devise-4.9.3/app/views/devise/sessions/new.html.erb within layouts/application
  Rendered /Users/uzair/.asdf/installs/ruby/3.0.2/lib/ruby/gems/3.0.0/gems/devise-4.9.3/app/views/devise/shared/_links.html.erb (Duration: 0.6ms | Allocations: 1008)
  Rendered /Users/uzair/.asdf/installs/ruby/3.0.2/lib/ruby/gems/3.0.0/gems/devise-4.9.3/app/views/devise/sessions/new.html.erb within layouts/application (Duration: 5.5ms | Allocations: 5967)
  Rendered layout layouts/application.html.erb (Duration: 1032.7ms | Allocations: 116385)
Completed 200 OK in 1055ms (Views: 1039.0ms | ActiveRecord: 7.4ms | Allocations: 141987)


Started POST "/users/sign_in" for ::1 at 2024-05-30 20:25:34 +0500
Processing by Devise::SessionsController#create as TURBO_STREAM
  Parameters: {"authenticity_token"=>"[FILTERED]", "user"=>{"email"=>"admin@construction.com", "password"=>"[FILTERED]", "remember_me"=>"0"}, "commit"=>"Log in"}
  [1m[36mUser Load (4.8ms)[0m  [1m[34mSELECT "users".* FROM "users" WHERE "users"."email" = $1 ORDER BY "users"."id" ASC LIMIT $2[0m  [["email", "admin@construction.com"], ["LIMIT", 1]]
Completed 401 Unauthorized in 10ms (ActiveRecord: 4.9ms | Allocations: 4173)


Processing by Devise::SessionsController#new as TURBO_STREAM
  Parameters: {"authenticity_token"=>"[FILTERED]", "user"=>{"email"=>"admin@construction.com", "password"=>"[FILTERED]", "remember_me"=>"0"}, "commit"=>"Log in"}
  Rendering layout layouts/application.html.erb
  Rendering /Users/uzair/.asdf/installs/ruby/3.0.2/lib/ruby/gems/3.0.0/gems/devise-4.9.3/app/views/devise/sessions/new.html.erb within layouts/application
  Rendered /Users/uzair/.asdf/installs/ruby/3.0.2/lib/ruby/gems/3.0.0/gems/devise-4.9.3/app/views/devise/shared/_links.html.erb (Duration: 0.1ms | Allocations: 140)
  Rendered /Users/uzair/.asdf/installs/ruby/3.0.2/lib/ruby/gems/3.0.0/gems/devise-4.9.3/app/views/devise/sessions/new.html.erb within layouts/application (Duration: 1.0ms | Allocations: 1359)
  Rendered layout layouts/application.html.erb (Duration: 2.5ms | Allocations: 4104)
Completed 200 OK in 605ms (Views: 2.9ms | ActiveRecord: 0.0ms | Allocations: 6517)


Started GET "/users/sign_up" for ::1 at 2024-05-30 20:25:37 +0500
Processing by Devise::RegistrationsController#new as HTML
  Rendering layout layouts/application.html.erb
  Rendering /Users/uzair/.asdf/installs/ruby/3.0.2/lib/ruby/gems/3.0.0/gems/devise-4.9.3/app/views/devise/registrations/new.html.erb within layouts/application
  Rendered /Users/uzair/.asdf/installs/ruby/3.0.2/lib/ruby/gems/3.0.0/gems/devise-4.9.3/app/views/devise/shared/_error_messages.html.erb (Duration: 0.8ms | Allocations: 260)
  Rendered /Users/uzair/.asdf/installs/ruby/3.0.2/lib/ruby/gems/3.0.0/gems/devise-4.9.3/app/views/devise/shared/_links.html.erb (Duration: 0.2ms | Allocations: 256)
  Rendered /Users/uzair/.asdf/installs/ruby/3.0.2/lib/ruby/gems/3.0.0/gems/devise-4.9.3/app/views/devise/registrations/new.html.erb within layouts/application (Duration: 4.8ms | Allocations: 2530)
  Rendered layout layouts/application.html.erb (Duration: 7.1ms | Allocations: 5397)
Completed 200 OK in 11ms (Views: 9.8ms | ActiveRecord: 0.0ms | Allocations: 6933)


Started GET "/users/sign_up" for ::1 at 2024-05-30 20:26:15 +0500
Processing by Devise::RegistrationsController#new as HTML
  Rendering layout layouts/application.html.erb
  Rendering /Users/uzair/.asdf/installs/ruby/3.0.2/lib/ruby/gems/3.0.0/gems/devise-4.9.3/app/views/devise/registrations/new.html.erb within layouts/application
  Rendered /Users/uzair/.asdf/installs/ruby/3.0.2/lib/ruby/gems/3.0.0/gems/devise-4.9.3/app/views/devise/shared/_error_messages.html.erb (Duration: 0.1ms | Allocations: 14)
  Rendered /Users/uzair/.asdf/installs/ruby/3.0.2/lib/ruby/gems/3.0.0/gems/devise-4.9.3/app/views/devise/shared/_links.html.erb (Duration: 0.1ms | Allocations: 82)
  Rendered /Users/uzair/.asdf/installs/ruby/3.0.2/lib/ruby/gems/3.0.0/gems/devise-4.9.3/app/views/devise/registrations/new.html.erb within layouts/application (Duration: 2.8ms | Allocations: 1205)
  Rendered layout layouts/application.html.erb (Duration: 7.7ms | Allocations: 3868)
Completed 200 OK in 11ms (Views: 8.7ms | ActiveRecord: 0.0ms | Allocations: 4552)


Started POST "/users" for ::1 at 2024-05-30 20:26:33 +0500
Processing by Devise::RegistrationsController#create as TURBO_STREAM
  Parameters: {"authenticity_token"=>"[FILTERED]", "user"=>{"email"=>"admin@testing.com", "password"=>"[FILTERED]", "password_confirmation"=>"[FILTERED]"}, "commit"=>"Sign up"}
  [1m[36mTRANSACTION (0.2ms)[0m  [1m[35mBEGIN[0m
  [1m[36mUser Exists? (2.6ms)[0m  [1m[34mSELECT 1 AS one FROM "users" WHERE "users"."email" = $1 LIMIT $2[0m  [["email", "admin@testing.com"], ["LIMIT", 1]]
  [1m[36mUser Create (6.3ms)[0m  [1m[32mINSERT INTO "users" ("email", "encrypted_password", "reset_password_token", "reset_password_sent_at", "remember_created_at", "created_at", "updated_at") VALUES ($1, $2, $3, $4, $5, $6, $7) RETURNING "id"[0m  [["email", "admin@testing.com"], ["encrypted_password", "[FILTERED]"], ["reset_password_token", "[FILTERED]"], ["reset_password_sent_at", "[FILTERED]"], ["remember_created_at", nil], ["created_at", "2024-05-30 15:26:34.103932"], ["updated_at", "2024-05-30 15:26:34.103932"]]
  [1m[36mTRANSACTION (0.3ms)[0m  [1m[35mCOMMIT[0m
Redirected to http://localhost:3000/
Completed 303 See Other in 317ms (ActiveRecord: 9.3ms | Allocations: 11496)


Started GET "/" for ::1 at 2024-05-30 20:26:34 +0500
Processing by BlogsController#index as TURBO_STREAM
  [1m[36mUser Load (0.3ms)[0m  [1m[34mSELECT "users".* FROM "users" WHERE "users"."id" = $1 ORDER BY "users"."id" ASC LIMIT $2[0m  [["id", 1], ["LIMIT", 1]]
  [1m[36mBlog Count (13.7ms)[0m  [1m[34mSELECT COUNT(*) FROM "blogs" WHERE "blogs"."user_id" = $1[0m  [["user_id", 1]]
  ↳ app/controllers/blogs_controller.rb:9:in `index'
  Rendering layout layouts/application.html.erb
  Rendering blogs/index.html.erb within layouts/application
  [1m[36mBlog Load (0.2ms)[0m  [1m[34mSELECT "blogs".* FROM "blogs" WHERE "blogs"."user_id" = $1 LIMIT $2 OFFSET $3[0m  [["user_id", 1], ["LIMIT", 20], ["OFFSET", 0]]
  ↳ app/views/blogs/index.html.erb:18
  Rendered blogs/index.html.erb within layouts/application (Duration: 2.6ms | Allocations: 1190)
  Rendered layout layouts/application.html.erb (Duration: 4.7ms | Allocations: 4244)
Completed 200 OK in 63ms (Views: 5.7ms | ActiveRecord: 34.0ms | Allocations: 17107)


Started GET "/?page=1" for ::1 at 2024-05-30 20:26:40 +0500
Processing by BlogsController#index as HTML
  Parameters: {"page"=>"1"}
  [1m[36mUser Load (3.0ms)[0m  [1m[34mSELECT "users".* FROM "users" WHERE "users"."id" = $1 ORDER BY "users"."id" ASC LIMIT $2[0m  [["id", 1], ["LIMIT", 1]]
  [1m[36mBlog Count (0.6ms)[0m  [1m[34mSELECT COUNT(*) FROM "blogs" WHERE "blogs"."user_id" = $1[0m  [["user_id", 1]]
  ↳ app/controllers/blogs_controller.rb:9:in `index'
  Rendering layout layouts/application.html.erb
  Rendering blogs/index.html.erb within layouts/application
  [1m[36mBlog Load (0.3ms)[0m  [1m[34mSELECT "blogs".* FROM "blogs" WHERE "blogs"."user_id" = $1 LIMIT $2 OFFSET $3[0m  [["user_id", 1], ["LIMIT", 20], ["OFFSET", 0]]
  ↳ app/views/blogs/index.html.erb:18
  Rendered blogs/index.html.erb within layouts/application (Duration: 1.1ms | Allocations: 636)
  Rendered layout layouts/application.html.erb (Duration: 5.1ms | Allocations: 3408)
Completed 200 OK in 27ms (Views: 7.2ms | ActiveRecord: 3.9ms | Allocations: 5756)


Started GET "/employees" for ::1 at 2024-05-30 20:26:44 +0500
Processing by EmployeesController#index as HTML
  [1m[36mUser Load (0.3ms)[0m  [1m[34mSELECT "users".* FROM "users" WHERE "users"."id" = $1 ORDER BY "users"."id" ASC LIMIT $2[0m  [["id", 1], ["LIMIT", 1]]
Started GET "/blogs/new" for ::1 at 2024-05-30 20:26:45 +0500
Processing by BlogsController#new as HTML
  [1m[36mUser Load (0.7ms)[0m  [1m[34mSELECT "users".* FROM "users" WHERE "users"."id" = $1 ORDER BY "users"."id" ASC LIMIT $2[0m  [["id", 1], ["LIMIT", 1]]
  Rendering layout layouts/application.html.erb
  Rendering blogs/new.html.erb within layouts/application
  Rendered blogs/_form.html.erb (Duration: 4.2ms | Allocations: 1246)
  Rendered blogs/new.html.erb within layouts/application (Duration: 5.7ms | Allocations: 1629)
  Rendered layout layouts/application.html.erb (Duration: 8.4ms | Allocations: 4502)
Completed 200 OK in 53ms (Views: 9.1ms | ActiveRecord: 11.7ms | Allocations: 24831)


  Rendering layout layouts/application.html.erb
  Rendering employees/index.html.erb within layouts/application
  Rendered employees/index.html.erb within layouts/application (Duration: 4.6ms | Allocations: 2239)
  Rendered layout layouts/application.html.erb (Duration: 10.0ms | Allocations: 5249)
Completed 200 OK in 1649ms (Views: 13.8ms | ActiveRecord: 0.3ms | Allocations: 36225)


Started POST "/blogs" for ::1 at 2024-05-30 20:26:57 +0500
Processing by BlogsController#create as TURBO_STREAM
  Parameters: {"authenticity_token"=>"[FILTERED]", "blog"=>{"title"=>"New ", "body"=>"Hello this is my first blog"}, "commit"=>"Submit"}
  [1m[36mUser Load (0.8ms)[0m  [1m[34mSELECT "users".* FROM "users" WHERE "users"."id" = $1 ORDER BY "users"."id" ASC LIMIT $2[0m  [["id", 1], ["LIMIT", 1]]
  [1m[36mTRANSACTION (0.2ms)[0m  [1m[35mBEGIN[0m
  ↳ app/controllers/blogs_controller.rb:31:in `block in create'
  [1m[36mBlog Create (19.3ms)[0m  [1m[32mINSERT INTO "blogs" ("title", "body", "user_id", "created_at", "updated_at") VALUES ($1, $2, $3, $4, $5) RETURNING "id"[0m  [["title", "New "], ["body", "Hello this is my first blog"], ["user_id", 1], ["created_at", "2024-05-30 15:26:57.599535"], ["updated_at", "2024-05-30 15:26:57.599535"]]
  ↳ app/controllers/blogs_controller.rb:31:in `block in create'
  [1m[36mTRANSACTION (0.3ms)[0m  [1m[35mCOMMIT[0m
  ↳ app/controllers/blogs_controller.rb:31:in `block in create'
Redirected to http://localhost:3000/blogs/1
Completed 302 Found in 34ms (ActiveRecord: 20.6ms | Allocations: 3904)


Started GET "/blogs/1" for ::1 at 2024-05-30 20:26:57 +0500
Processing by BlogsController#show as TURBO_STREAM
  Parameters: {"id"=>"1"}
  [1m[36mUser Load (0.3ms)[0m  [1m[34mSELECT "users".* FROM "users" WHERE "users"."id" = $1 ORDER BY "users"."id" ASC LIMIT $2[0m  [["id", 1], ["LIMIT", 1]]
  [1m[36mBlog Load (0.2ms)[0m  [1m[34mSELECT "blogs".* FROM "blogs" WHERE "blogs"."user_id" = $1 AND "blogs"."id" = $2 LIMIT $3[0m  [["user_id", 1], ["id", 1], ["LIMIT", 1]]
  ↳ app/controllers/blogs_controller.rb:80:in `set_blog'
  Rendering layout layouts/application.html.erb
  Rendering blogs/show.html.erb within layouts/application
  Rendered blogs/show.html.erb within layouts/application (Duration: 0.9ms | Allocations: 282)
  Rendered layout layouts/application.html.erb (Duration: 3.5ms | Allocations: 3038)
Completed 200 OK in 9ms (Views: 4.0ms | ActiveRecord: 0.5ms | Allocations: 5489)


Started GET "/blogs/1/edit" for ::1 at 2024-05-30 20:26:59 +0500
Processing by BlogsController#edit as HTML
  Parameters: {"id"=>"1"}
  [1m[36mUser Load (0.4ms)[0m  [1m[34mSELECT "users".* FROM "users" WHERE "users"."id" = $1 ORDER BY "users"."id" ASC LIMIT $2[0m  [["id", 1], ["LIMIT", 1]]
  [1m[36mBlog Load (0.5ms)[0m  [1m[34mSELECT "blogs".* FROM "blogs" WHERE "blogs"."user_id" = $1 AND "blogs"."id" = $2 LIMIT $3[0m  [["user_id", 1], ["id", 1], ["LIMIT", 1]]
  ↳ app/controllers/blogs_controller.rb:80:in `set_blog'
  Rendering layout layouts/application.html.erb
  Rendering blogs/edit.html.erb within layouts/application
  Rendered blogs/_form.html.erb (Duration: 1.1ms | Allocations: 523)
  Rendered blogs/edit.html.erb within layouts/application (Duration: 2.4ms | Allocations: 853)
  Rendered layout layouts/application.html.erb (Duration: 7.8ms | Allocations: 3595)
Completed 200 OK in 21ms (Views: 8.4ms | ActiveRecord: 0.9ms | Allocations: 5940)


Started GET "/blogs" for ::1 at 2024-05-30 20:26:59 +0500
Processing by BlogsController#index as HTML
  [1m[36mUser Load (0.3ms)[0m  [1m[34mSELECT "users".* FROM "users" WHERE "users"."id" = $1 ORDER BY "users"."id" ASC LIMIT $2[0m  [["id", 1], ["LIMIT", 1]]
  [1m[36mBlog Count (1.0ms)[0m  [1m[34mSELECT COUNT(*) FROM "blogs" WHERE "blogs"."user_id" = $1[0m  [["user_id", 1]]
  ↳ app/controllers/blogs_controller.rb:9:in `index'
  Rendering layout layouts/application.html.erb
  Rendering blogs/index.html.erb within layouts/application
  [1m[36mBlog Load (0.5ms)[0m  [1m[34mSELECT "blogs".* FROM "blogs" WHERE "blogs"."user_id" = $1 LIMIT $2 OFFSET $3[0m  [["user_id", 1], ["LIMIT", 20], ["OFFSET", 0]]
  ↳ app/views/blogs/index.html.erb:18
  Rendered blogs/_blog.html.erb (Duration: 0.9ms | Allocations: 412)
  Rendered blogs/index.html.erb within layouts/application (Duration: 8.9ms | Allocations: 1619)
  Rendered layout layouts/application.html.erb (Duration: 11.3ms | Allocations: 4528)
Completed 200 OK in 23ms (Views: 11.5ms | ActiveRecord: 1.8ms | Allocations: 6744)


Started GET "/employees" for ::1 at 2024-05-30 20:32:18 +0500
Processing by EmployeesController#index as HTML
  [1m[36mUser Load (0.6ms)[0m  [1m[34mSELECT "users".* FROM "users" WHERE "users"."id" = $1 ORDER BY "users"."id" ASC LIMIT $2[0m  [["id", 1], ["LIMIT", 1]]
  Rendering layout layouts/application.html.erb
  Rendering employees/index.html.erb within layouts/application
  Rendered employees/index.html.erb within layouts/application (Duration: 3.4ms | Allocations: 1749)
  Rendered layout layouts/application.html.erb (Duration: 11.1ms | Allocations: 4769)
Completed 200 OK in 1393ms (Views: 14.4ms | ActiveRecord: 6.7ms | Allocations: 15837)


Started GET "/blogs" for ::1 at 2024-05-30 20:32:28 +0500
Processing by BlogsController#index as HTML
  [1m[36mUser Load (0.6ms)[0m  [1m[34mSELECT "users".* FROM "users" WHERE "users"."id" = $1 ORDER BY "users"."id" ASC LIMIT $2[0m  [["id", 1], ["LIMIT", 1]]
  [1m[36mBlog Count (1.2ms)[0m  [1m[34mSELECT COUNT(*) FROM "blogs" WHERE "blogs"."user_id" = $1[0m  [["user_id", 1]]
  ↳ app/controllers/blogs_controller.rb:9:in `index'
  Rendering layout layouts/application.html.erb
  Rendering blogs/index.html.erb within layouts/application
  [1m[36mBlog Load (0.2ms)[0m  [1m[34mSELECT "blogs".* FROM "blogs" WHERE "blogs"."user_id" = $1 LIMIT $2 OFFSET $3[0m  [["user_id", 1], ["LIMIT", 20], ["OFFSET", 0]]
  ↳ app/views/blogs/index.html.erb:18
  Rendered blogs/_blog.html.erb (Duration: 0.3ms | Allocations: 127)
  Rendered blogs/index.html.erb within layouts/application (Duration: 3.3ms | Allocations: 3117)
  Rendered layout layouts/application.html.erb (Duration: 6.2ms | Allocations: 6125)
Completed 200 OK in 19ms (Views: 6.8ms | ActiveRecord: 2.0ms | Allocations: 11731)


Started GET "/blogs/1" for ::1 at 2024-05-30 20:32:30 +0500
Processing by BlogsController#show as HTML
  Parameters: {"id"=>"1"}
  [1m[36mUser Load (0.5ms)[0m  [1m[34mSELECT "users".* FROM "users" WHERE "users"."id" = $1 ORDER BY "users"."id" ASC LIMIT $2[0m  [["id", 1], ["LIMIT", 1]]
  [1m[36mBlog Load (0.4ms)[0m  [1m[34mSELECT "blogs".* FROM "blogs" WHERE "blogs"."user_id" = $1 AND "blogs"."id" = $2 LIMIT $3[0m  [["user_id", 1], ["id", 1], ["LIMIT", 1]]
  ↳ app/controllers/blogs_controller.rb:94:in `set_blog'
  Rendering layout layouts/application.html.erb
  Rendering blogs/show.html.erb within layouts/application
  Rendered blogs/show.html.erb within layouts/application (Duration: 0.5ms | Allocations: 88)
  Rendered layout layouts/application.html.erb (Duration: 7.2ms | Allocations: 2844)
Completed 200 OK in 18ms (Views: 8.2ms | ActiveRecord: 0.9ms | Allocations: 5246)


Started GET "/blogs" for ::1 at 2024-05-30 20:32:31 +0500
Processing by BlogsController#index as HTML
  [1m[36mUser Load (0.5ms)[0m  [1m[34mSELECT "users".* FROM "users" WHERE "users"."id" = $1 ORDER BY "users"."id" ASC LIMIT $2[0m  [["id", 1], ["LIMIT", 1]]
  [1m[36mBlog Count (0.5ms)[0m  [1m[34mSELECT COUNT(*) FROM "blogs" WHERE "blogs"."user_id" = $1[0m  [["user_id", 1]]
  ↳ app/controllers/blogs_controller.rb:9:in `index'
  Rendering layout layouts/application.html.erb
  Rendering blogs/index.html.erb within layouts/application
  [1m[36mBlog Load (0.7ms)[0m  [1m[34mSELECT "blogs".* FROM "blogs" WHERE "blogs"."user_id" = $1 LIMIT $2 OFFSET $3[0m  [["user_id", 1], ["LIMIT", 20], ["OFFSET", 0]]
  ↳ app/views/blogs/index.html.erb:18
  Rendered blogs/_blog.html.erb (Duration: 0.5ms | Allocations: 68)
  Rendered blogs/index.html.erb within layouts/application (Duration: 4.8ms | Allocations: 790)
  Rendered layout layouts/application.html.erb (Duration: 11.0ms | Allocations: 3546)
Completed 200 OK in 21ms (Views: 11.0ms | ActiveRecord: 1.6ms | Allocations: 5736)


Started GET "/employees" for ::1 at 2024-05-30 20:32:34 +0500
Processing by EmployeesController#index as HTML
  [1m[36mUser Load (0.4ms)[0m  [1m[34mSELECT "users".* FROM "users" WHERE "users"."id" = $1 ORDER BY "users"."id" ASC LIMIT $2[0m  [["id", 1], ["LIMIT", 1]]
  Rendering layout layouts/application.html.erb
  Rendering employees/index.html.erb within layouts/application
  Rendered employees/index.html.erb within layouts/application (Duration: 5.3ms | Allocations: 1678)
  Rendered layout layouts/application.html.erb (Duration: 14.3ms | Allocations: 4444)
Completed 200 OK in 1083ms (Views: 16.4ms | ActiveRecord: 0.4ms | Allocations: 7095)


Started GET "/employees/new" for ::1 at 2024-05-30 20:32:46 +0500
Processing by EmployeesController#new as HTML
  [1m[36mUser Load (0.5ms)[0m  [1m[34mSELECT "users".* FROM "users" WHERE "users"."id" = $1 ORDER BY "users"."id" ASC LIMIT $2[0m  [["id", 1], ["LIMIT", 1]]
  Rendering layout layouts/application.html.erb
  Rendering employees/new.html.erb within layouts/application
  Rendered employees/new.html.erb within layouts/application (Duration: 3.2ms | Allocations: 871)
  Rendered layout layouts/application.html.erb (Duration: 7.8ms | Allocations: 3631)
Completed 200 OK in 14ms (Views: 8.7ms | ActiveRecord: 0.5ms | Allocations: 5118)


Started GET "/blogs/new" for ::1 at 2024-05-30 20:32:52 +0500
Processing by BlogsController#new as HTML
  [1m[36mUser Load (0.2ms)[0m  [1m[34mSELECT "users".* FROM "users" WHERE "users"."id" = $1 ORDER BY "users"."id" ASC LIMIT $2[0m  [["id", 1], ["LIMIT", 1]]
  Rendering layout layouts/application.html.erb
  Rendering blogs/new.html.erb within layouts/application
  Rendered blogs/_form.html.erb (Duration: 1.1ms | Allocations: 478)
  Rendered blogs/new.html.erb within layouts/application (Duration: 1.3ms | Allocations: 566)
  Rendered layout layouts/application.html.erb (Duration: 5.3ms | Allocations: 3316)
Completed 200 OK in 10ms (Views: 6.0ms | ActiveRecord: 0.2ms | Allocations: 5039)


Started GET "/blogs" for ::1 at 2024-05-30 20:32:55 +0500
Processing by BlogsController#index as HTML
  [1m[36mUser Load (0.4ms)[0m  [1m[34mSELECT "users".* FROM "users" WHERE "users"."id" = $1 ORDER BY "users"."id" ASC LIMIT $2[0m  [["id", 1], ["LIMIT", 1]]
  [1m[36mBlog Count (1.0ms)[0m  [1m[34mSELECT COUNT(*) FROM "blogs" WHERE "blogs"."user_id" = $1[0m  [["user_id", 1]]
  ↳ app/controllers/blogs_controller.rb:9:in `index'
  Rendering layout layouts/application.html.erb
  Rendering blogs/index.html.erb within layouts/application
  [1m[36mBlog Load (0.3ms)[0m  [1m[34mSELECT "blogs".* FROM "blogs" WHERE "blogs"."user_id" = $1 LIMIT $2 OFFSET $3[0m  [["user_id", 1], ["LIMIT", 20], ["OFFSET", 0]]
  ↳ app/views/blogs/index.html.erb:18
  Rendered blogs/_blog.html.erb (Duration: 0.4ms | Allocations: 68)
  Rendered blogs/index.html.erb within layouts/application (Duration: 3.4ms | Allocations: 790)
  Rendered layout layouts/application.html.erb (Duration: 10.5ms | Allocations: 3546)
Completed 200 OK in 22ms (Views: 11.1ms | ActiveRecord: 1.8ms | Allocations: 5732)


Started GET "/blogs" for ::1 at 2024-05-30 20:36:38 +0500
Processing by BlogsController#index as HTML
  [1m[36mUser Load (0.2ms)[0m  [1m[34mSELECT "users".* FROM "users" WHERE "users"."id" = $1 ORDER BY "users"."id" ASC LIMIT $2[0m  [["id", 1], ["LIMIT", 1]]
  [1m[36mBlog Count (0.3ms)[0m  [1m[34mSELECT COUNT(*) FROM "blogs" WHERE "blogs"."user_id" = $1[0m  [["user_id", 1]]
  ↳ app/controllers/blogs_controller.rb:9:in `index'
  Rendering layout layouts/application.html.erb
  Rendering blogs/index.html.erb within layouts/application
  [1m[36mBlog Load (0.2ms)[0m  [1m[34mSELECT "blogs".* FROM "blogs" WHERE "blogs"."user_id" = $1 LIMIT $2 OFFSET $3[0m  [["user_id", 1], ["LIMIT", 20], ["OFFSET", 0]]
  ↳ app/views/blogs/index.html.erb:18
  Rendered blogs/_blog.html.erb (Duration: 0.1ms | Allocations: 130)
  Rendered blogs/index.html.erb within layouts/application (Duration: 5.2ms | Allocations: 3143)
  Rendered layout layouts/application.html.erb (Duration: 7.3ms | Allocations: 6159)
Completed 200 OK in 35ms (Views: 4.8ms | ActiveRecord: 22.9ms | Allocations: 16983)


Started GET "/employees/new" for ::1 at 2024-05-30 20:36:39 +0500
Processing by EmployeesController#new as HTML
  [1m[36mUser Load (0.2ms)[0m  [1m[34mSELECT "users".* FROM "users" WHERE "users"."id" = $1 ORDER BY "users"."id" ASC LIMIT $2[0m  [["id", 1], ["LIMIT", 1]]
  Rendering layout layouts/application.html.erb
  Rendering employees/new.html.erb within layouts/application
  Rendered employees/new.html.erb within layouts/application (Duration: 1.2ms | Allocations: 595)
  Rendered layout layouts/application.html.erb (Duration: 4.1ms | Allocations: 3555)
Completed 200 OK in 10ms (Views: 5.5ms | ActiveRecord: 0.2ms | Allocations: 5838)


Started GET "/employees" for ::1 at 2024-05-30 20:36:39 +0500
Processing by EmployeesController#index as HTML
  [1m[36mUser Load (0.2ms)[0m  [1m[34mSELECT "users".* FROM "users" WHERE "users"."id" = $1 ORDER BY "users"."id" ASC LIMIT $2[0m  [["id", 1], ["LIMIT", 1]]
  Rendering layout layouts/application.html.erb
  Rendering employees/index.html.erb within layouts/application
  Rendered employees/index.html.erb within layouts/application (Duration: 5.5ms | Allocations: 1694)
  Rendered layout layouts/application.html.erb (Duration: 10.0ms | Allocations: 4461)
Completed 200 OK in 1129ms (Views: 10.8ms | ActiveRecord: 0.2ms | Allocations: 7316)


Started POST "/blogs/import" for ::1 at 2024-05-30 20:36:46 +0500
Processing by BlogsController#import as TURBO_STREAM
  Parameters: {"authenticity_token"=>"[FILTERED]", "attachment"=>#<ActionDispatch::Http::UploadedFile:0x0000000122c78e68 @tempfile=#<Tempfile:/var/folders/_s/n4ws7k6s375dcb75t5zxb_vh0000gn/T/RackMultipart20240530-88504-tkghqn.csv>, @content_type="text/csv", @original_filename="Sample-Spreadsheet-50000-rows.csv", @headers="Content-Disposition: form-data; name=\"attachment\"; filename=\"Sample-Spreadsheet-50000-rows.csv\"\r\nContent-Type: text/csv\r\n">, "commit"=>"Save"}
  [1m[36mUser Load (0.2ms)[0m  [1m[34mSELECT "users".* FROM "users" WHERE "users"."id" = $1 ORDER BY "users"."id" ASC LIMIT $2[0m  [["id", 1], ["LIMIT", 1]]
Completed 500 Internal Server Error in 555ms (ActiveRecord: 0.2ms | Allocations: 1717578)


  
ActiveModel::UnknownAttributeError (unknown attribute 'Eldon Base for stackable storage shelf, platinum' for Blog.):
  
app/controllers/blogs_controller.rb:70:in `block (2 levels) in import'
app/controllers/blogs_controller.rb:69:in `block in import'
app/controllers/blogs_controller.rb:68:in `import'
Started GET "/blogs" for ::1 at 2024-05-30 20:38:08 +0500
  [1m[36mActiveRecord::SchemaMigration Pluck (0.6ms)[0m  [1m[34mSELECT "schema_migrations"."version" FROM "schema_migrations" ORDER BY "schema_migrations"."version" ASC[0m
Processing by BlogsController#index as HTML
  [1m[36mUser Load (0.7ms)[0m  [1m[34mSELECT "users".* FROM "users" WHERE "users"."id" = $1 ORDER BY "users"."id" ASC LIMIT $2[0m  [["id", 1], ["LIMIT", 1]]
  [1m[36mBlog Count (0.7ms)[0m  [1m[34mSELECT COUNT(*) FROM "blogs" WHERE "blogs"."user_id" = $1[0m  [["user_id", 1]]
  ↳ app/controllers/blogs_controller.rb:9:in `index'
  Rendering layout layouts/application.html.erb
  Rendering blogs/index.html.erb within layouts/application
  [1m[36mBlog Load (0.2ms)[0m  [1m[34mSELECT "blogs".* FROM "blogs" WHERE "blogs"."user_id" = $1 LIMIT $2 OFFSET $3[0m  [["user_id", 1], ["LIMIT", 20], ["OFFSET", 0]]
  ↳ app/views/blogs/index.html.erb:18
  Rendered blogs/_blog.html.erb (Duration: 0.6ms | Allocations: 514)
  Rendered blogs/index.html.erb within layouts/application (Duration: 8.8ms | Allocations: 17704)
  Rendered layout layouts/application.html.erb (Duration: 96.0ms | Allocations: 70155)
Completed 200 OK in 131ms (Views: 95.4ms | ActiveRecord: 13.8ms | Allocations: 108016)


Started POST "/blogs/import" for ::1 at 2024-05-30 20:38:14 +0500
Processing by BlogsController#import as TURBO_STREAM
  Parameters: {"authenticity_token"=>"[FILTERED]", "attachment"=>#<ActionDispatch::Http::UploadedFile:0x000000010d9072f8 @tempfile=#<Tempfile:/var/folders/_s/n4ws7k6s375dcb75t5zxb_vh0000gn/T/RackMultipart20240530-92958-rvrppn.csv>, @content_type="text/csv", @original_filename="Sample-Spreadsheet-50000-rows.csv", @headers="Content-Disposition: form-data; name=\"attachment\"; filename=\"Sample-Spreadsheet-50000-rows.csv\"\r\nContent-Type: text/csv\r\n">, "commit"=>"Save"}
  [1m[36mUser Load (0.4ms)[0m  [1m[34mSELECT "users".* FROM "users" WHERE "users"."id" = $1 ORDER BY "users"."id" ASC LIMIT $2[0m  [["id", 1], ["LIMIT", 1]]
  [1m[36mTRANSACTION (1.6ms)[0m  [1m[35mBEGIN[0m
  ↳ app/controllers/blogs_controller.rb:70:in `block (2 levels) in import'
  [1m[36mBlog Load (0.5ms)[0m  [1m[34mSELECT "blogs".* FROM "blogs" WHERE "blogs"."user_id" = $1[0m  [["user_id", 1]]
  ↳ app/controllers/blogs_controller.rb:70:in `block (2 levels) in import'
  [1m[36mTRANSACTION (7.0ms)[0m  [1m[31mROLLBACK[0m
  ↳ app/controllers/blogs_controller.rb:68:in `import'
Completed 500 Internal Server Error in 276865ms (ActiveRecord: 9.5ms | Allocations: 1803569)


  
ActiveModel::UnknownAttributeError (unknown attribute 'Eldon Base for stackable storage shelf, platinum' for Blog.):
  
app/controllers/blogs_controller.rb:71:in `block (2 levels) in import'
app/controllers/blogs_controller.rb:69:in `block in import'
app/controllers/blogs_controller.rb:68:in `import'
Started GET "/blogs" for ::1 at 2024-05-30 20:42:57 +0500
Processing by BlogsController#index as HTML
  [1m[36mUser Load (0.7ms)[0m  [1m[34mSELECT "users".* FROM "users" WHERE "users"."id" = $1 ORDER BY "users"."id" ASC LIMIT $2[0m  [["id", 1], ["LIMIT", 1]]
  [1m[36mBlog Count (0.9ms)[0m  [1m[34mSELECT COUNT(*) FROM "blogs" WHERE "blogs"."user_id" = $1[0m  [["user_id", 1]]
  ↳ app/controllers/blogs_controller.rb:9:in `index'
  Rendering layout layouts/application.html.erb
  Rendering blogs/index.html.erb within layouts/application
  [1m[36mBlog Load (0.3ms)[0m  [1m[34mSELECT "blogs".* FROM "blogs" WHERE "blogs"."user_id" = $1 LIMIT $2 OFFSET $3[0m  [["user_id", 1], ["LIMIT", 20], ["OFFSET", 0]]
  ↳ app/views/blogs/index.html.erb:18
  Rendered blogs/_blog.html.erb (Duration: 0.5ms | Allocations: 83)
  Rendered blogs/index.html.erb within layouts/application (Duration: 2.5ms | Allocations: 837)
  Rendered layout layouts/application.html.erb (Duration: 6.4ms | Allocations: 3734)
Completed 200 OK in 14ms (Views: 6.6ms | ActiveRecord: 1.9ms | Allocations: 6181)


Started GET "/employees" for ::1 at 2024-05-30 20:42:58 +0500
Processing by EmployeesController#index as HTML
  [1m[36mUser Load (0.4ms)[0m  [1m[34mSELECT "users".* FROM "users" WHERE "users"."id" = $1 ORDER BY "users"."id" ASC LIMIT $2[0m  [["id", 1], ["LIMIT", 1]]
  Rendering layout layouts/application.html.erb
  Rendering employees/index.html.erb within layouts/application
  Rendered employees/index.html.erb within layouts/application (Duration: 3.9ms | Allocations: 2276)
  Rendered layout layouts/application.html.erb (Duration: 10.7ms | Allocations: 5286)
Completed 200 OK in 1207ms (Views: 12.8ms | ActiveRecord: 0.4ms | Allocations: 9238)


Started POST "/blogs/import" for ::1 at 2024-05-30 20:43:03 +0500
Processing by BlogsController#import as TURBO_STREAM
  Parameters: {"authenticity_token"=>"[FILTERED]", "attachment"=>#<ActionDispatch::Http::UploadedFile:0x000000010e84c9c0 @tempfile=#<Tempfile:/var/folders/_s/n4ws7k6s375dcb75t5zxb_vh0000gn/T/RackMultipart20240530-92958-quwaa8.csv>, @content_type="text/csv", @original_filename="Sample-Spreadsheet-50000-rows.csv", @headers="Content-Disposition: form-data; name=\"attachment\"; filename=\"Sample-Spreadsheet-50000-rows.csv\"\r\nContent-Type: text/csv\r\n">, "commit"=>"Save"}
  [1m[36mUser Load (0.4ms)[0m  [1m[34mSELECT "users".* FROM "users" WHERE "users"."id" = $1 ORDER BY "users"."id" ASC LIMIT $2[0m  [["id", 1], ["LIMIT", 1]]
Completed 500 Internal Server Error in 99060ms (ActiveRecord: 0.4ms | Allocations: 1773344)


  
ActiveModel::UnknownAttributeError (unknown attribute 'Eldon Base for stackable storage shelf, platinum' for Blog.):
  
app/controllers/blogs_controller.rb:71:in `block (2 levels) in import'
app/controllers/blogs_controller.rb:69:in `block in import'
app/controllers/blogs_controller.rb:68:in `import'
Started GET "/" for ::1 at 2024-05-30 21:06:44 +0500
Processing by BlogsController#index as HTML
Completed 401 Unauthorized in 7ms (ActiveRecord: 0.0ms | Allocations: 260)


Started GET "/users/sign_in" for ::1 at 2024-05-30 21:06:44 +0500
Processing by Devise::SessionsController#new as HTML
  Rendering layout layouts/application.html.erb
  Rendering /Users/uzair/.asdf/installs/ruby/3.0.2/lib/ruby/gems/3.0.0/gems/devise-4.9.3/app/views/devise/sessions/new.html.erb within layouts/application
  Rendered /Users/uzair/.asdf/installs/ruby/3.0.2/lib/ruby/gems/3.0.0/gems/devise-4.9.3/app/views/devise/shared/_links.html.erb (Duration: 0.9ms | Allocations: 1002)
  Rendered /Users/uzair/.asdf/installs/ruby/3.0.2/lib/ruby/gems/3.0.0/gems/devise-4.9.3/app/views/devise/sessions/new.html.erb within layouts/application (Duration: 8.8ms | Allocations: 4657)
  Rendered layout layouts/application.html.erb (Duration: 13.1ms | Allocations: 7516)
Completed 200 OK in 18ms (Views: 15.2ms | ActiveRecord: 0.0ms | Allocations: 9856)


Started GET "/users/password/new" for ::1 at 2024-05-30 21:06:45 +0500
Processing by Devise::PasswordsController#new as HTML
  Rendering layout layouts/application.html.erb
  Rendering /Users/uzair/.asdf/installs/ruby/3.0.2/lib/ruby/gems/3.0.0/gems/devise-4.9.3/app/views/devise/passwords/new.html.erb within layouts/application
  Rendered /Users/uzair/.asdf/installs/ruby/3.0.2/lib/ruby/gems/3.0.0/gems/devise-4.9.3/app/views/devise/shared/_error_messages.html.erb (Duration: 1.0ms | Allocations: 260)
  Rendered /Users/uzair/.asdf/installs/ruby/3.0.2/lib/ruby/gems/3.0.0/gems/devise-4.9.3/app/views/devise/shared/_links.html.erb (Duration: 0.4ms | Allocations: 308)
  Rendered /Users/uzair/.asdf/installs/ruby/3.0.2/lib/ruby/gems/3.0.0/gems/devise-4.9.3/app/views/devise/passwords/new.html.erb within layouts/application (Duration: 4.7ms | Allocations: 1961)
  Rendered layout layouts/application.html.erb (Duration: 7.2ms | Allocations: 4828)
Completed 200 OK in 11ms (Views: 9.9ms | ActiveRecord: 0.0ms | Allocations: 6343)


Started POST "/users/sign_in" for ::1 at 2024-05-30 21:07:18 +0500
Processing by Devise::SessionsController#create as TURBO_STREAM
  Parameters: {"authenticity_token"=>"[FILTERED]", "user"=>{"email"=>"admin@testing.com", "password"=>"[FILTERED]", "remember_me"=>"0"}, "commit"=>"Log in"}
  [1m[36mUser Load (2.8ms)[0m  [1m[34mSELECT "users".* FROM "users" WHERE "users"."email" = $1 ORDER BY "users"."id" ASC LIMIT $2[0m  [["email", "admin@testing.com"], ["LIMIT", 1]]
Completed 401 Unauthorized in 376ms (ActiveRecord: 26.4ms | Allocations: 9051)


Processing by Devise::SessionsController#new as TURBO_STREAM
  Parameters: {"authenticity_token"=>"[FILTERED]", "user"=>{"email"=>"admin@testing.com", "password"=>"[FILTERED]", "remember_me"=>"0"}, "commit"=>"Log in"}
  Rendering layout layouts/application.html.erb
  Rendering /Users/uzair/.asdf/installs/ruby/3.0.2/lib/ruby/gems/3.0.0/gems/devise-4.9.3/app/views/devise/sessions/new.html.erb within layouts/application
  Rendered /Users/uzair/.asdf/installs/ruby/3.0.2/lib/ruby/gems/3.0.0/gems/devise-4.9.3/app/views/devise/shared/_links.html.erb (Duration: 0.1ms | Allocations: 140)
  Rendered /Users/uzair/.asdf/installs/ruby/3.0.2/lib/ruby/gems/3.0.0/gems/devise-4.9.3/app/views/devise/sessions/new.html.erb within layouts/application (Duration: 1.3ms | Allocations: 1315)
  Rendered layout layouts/application.html.erb (Duration: 4.2ms | Allocations: 4043)
Completed 200 OK in 267ms (Views: 4.8ms | ActiveRecord: 0.0ms | Allocations: 4802)


Started POST "/users/sign_in" for ::1 at 2024-05-30 21:07:24 +0500
Processing by Devise::SessionsController#create as TURBO_STREAM
  Parameters: {"authenticity_token"=>"[FILTERED]", "user"=>{"email"=>"admin@testing.com", "password"=>"[FILTERED]", "remember_me"=>"0"}, "commit"=>"Log in"}
  [1m[36mUser Load (0.7ms)[0m  [1m[34mSELECT "users".* FROM "users" WHERE "users"."email" = $1 ORDER BY "users"."id" ASC LIMIT $2[0m  [["email", "admin@testing.com"], ["LIMIT", 1]]
Redirected to http://localhost:3000/
Completed 303 See Other in 299ms (ActiveRecord: 0.7ms | Allocations: 2937)


Started GET "/" for ::1 at 2024-05-30 21:07:24 +0500
Processing by BlogsController#index as TURBO_STREAM
  [1m[36mUser Load (0.3ms)[0m  [1m[34mSELECT "users".* FROM "users" WHERE "users"."id" = $1 ORDER BY "users"."id" ASC LIMIT $2[0m  [["id", 1], ["LIMIT", 1]]
  [1m[36mBlog Count (2.8ms)[0m  [1m[34mSELECT COUNT(*) FROM "blogs" WHERE "blogs"."user_id" = $1[0m  [["user_id", 1]]
  ↳ app/controllers/blogs_controller.rb:9:in `index'
  Rendering layout layouts/application.html.erb
  Rendering blogs/index.html.erb within layouts/application
  [1m[36mBlog Load (0.2ms)[0m  [1m[34mSELECT "blogs".* FROM "blogs" WHERE "blogs"."user_id" = $1 LIMIT $2 OFFSET $3[0m  [["user_id", 1], ["LIMIT", 20], ["OFFSET", 0]]
  ↳ app/views/blogs/index.html.erb:18
  Rendered blogs/_blog.html.erb (Duration: 0.2ms | Allocations: 74)
  Rendered blogs/index.html.erb within layouts/application (Duration: 3.4ms | Allocations: 894)
  Rendered layout layouts/application.html.erb (Duration: 9.3ms | Allocations: 3658)
Completed 200 OK in 21ms (Views: 9.4ms | ActiveRecord: 3.3ms | Allocations: 5924)


Started POST "/blogs/import" for ::1 at 2024-05-30 21:07:33 +0500
Processing by BlogsController#import as TURBO_STREAM
  Parameters: {"authenticity_token"=>"[FILTERED]", "attachment"=>#<ActionDispatch::Http::UploadedFile:0x00000001098c50a0 @tempfile=#<Tempfile:/var/folders/_s/n4ws7k6s375dcb75t5zxb_vh0000gn/T/RackMultipart20240530-92958-6r0n8g.csv>, @content_type="text/csv", @original_filename="Sample-Spreadsheet-50000-rows.csv", @headers="Content-Disposition: form-data; name=\"attachment\"; filename=\"Sample-Spreadsheet-50000-rows.csv\"\r\nContent-Type: text/csv\r\n">, "commit"=>"Save"}
  [1m[36mUser Load (0.3ms)[0m  [1m[34mSELECT "users".* FROM "users" WHERE "users"."id" = $1 ORDER BY "users"."id" ASC LIMIT $2[0m  [["id", 1], ["LIMIT", 1]]
  [1m[36mTRANSACTION (12.0ms)[0m  [1m[35mBEGIN[0m
  ↳ app/controllers/blogs_controller.rb:71:in `block (2 levels) in import'
  [1m[36mBlog Create (4.9ms)[0m  [1m[32mINSERT INTO "blogs" ("title", "body", "user_id", "created_at", "updated_at") VALUES ($1, $2, $3, $4, $5) RETURNING "id"[0m  [["title", "My First Blog"], ["body", "This is the body of my first blog."], ["user_id", 1], ["created_at", "2024-05-30 16:07:37.315557"], ["updated_at", "2024-05-30 16:07:37.315557"]]
  ↳ app/controllers/blogs_controller.rb:71:in `block (2 levels) in import'
  [1m[36mBlog Create (1.7ms)[0m  [1m[32mINSERT INTO "blogs" ("title", "body", "user_id", "created_at", "updated_at") VALUES ($1, $2, $3, $4, $5) RETURNING "id"[0m  [["title", "Learning Ruby on Rails"], ["body", "Today I learned about models, views, and controllers."], ["user_id", 1], ["created_at", "2024-05-30 16:07:38.382439"], ["updated_at", "2024-05-30 16:07:38.382439"]]
  ↳ app/controllers/blogs_controller.rb:71:in `block (2 levels) in import'
  [1m[36mBlog Create (1.0ms)[0m  [1m[32mINSERT INTO "blogs" ("title", "body", "user_id", "created_at", "updated_at") VALUES ($1, $2, $3, $4, $5) RETURNING "id"[0m  [["title", "Database Optimization"], ["body", "Bulk inserts can significantly improve performance."], ["user_id", 1], ["created_at", "2024-05-30 16:07:38.786781"], ["updated_at", "2024-05-30 16:07:38.786781"]]
  ↳ app/controllers/blogs_controller.rb:71:in `block (2 levels) in import'
  [1m[36mBlog Create (11.9ms)[0m  [1m[32mINSERT INTO "blogs" ("title", "body", "user_id", "created_at", "updated_at") VALUES ($1, $2, $3, $4, $5) RETURNING "id"[0m  [["title", "Understanding ActiveRecord"], ["body", "ActiveRecord is the M in MVC - the model."], ["user_id", 1], ["created_at", "2024-05-30 16:07:39.064520"], ["updated_at", "2024-05-30 16:07:39.064520"]]
  ↳ app/controllers/blogs_controller.rb:71:in `block (2 levels) in import'
  [1m[36mBlog Create (0.9ms)[0m  [1m[32mINSERT INTO "blogs" ("title", "body", "user_id", "created_at", "updated_at") VALUES ($1, $2, $3, $4, $5) RETURNING "id"[0m  [["title", "Efficient CSV Import"], ["body", "Streaming CSVs can save a lot of memory."], ["user_id", 1], ["created_at", "2024-05-30 16:07:39.901936"], ["updated_at", "2024-05-30 16:07:39.901936"]]
  ↳ app/controllers/blogs_controller.rb:71:in `block (2 levels) in import'
  [1m[36mTRANSACTION (0.7ms)[0m  [1m[35mCOMMIT[0m
  ↳ app/controllers/blogs_controller.rb:68:in `import'
Redirected to http://localhost:3000/blogs
Completed 302 Found in 5990ms (ActiveRecord: 33.4ms | Allocations: 55940)


Started GET "/blogs" for ::1 at 2024-05-30 21:07:39 +0500
Processing by BlogsController#index as TURBO_STREAM
  [1m[36mUser Load (0.3ms)[0m  [1m[34mSELECT "users".* FROM "users" WHERE "users"."id" = $1 ORDER BY "users"."id" ASC LIMIT $2[0m  [["id", 1], ["LIMIT", 1]]
  [1m[36mBlog Count (0.5ms)[0m  [1m[34mSELECT COUNT(*) FROM "blogs" WHERE "blogs"."user_id" = $1[0m  [["user_id", 1]]
  ↳ app/controllers/blogs_controller.rb:9:in `index'
  Rendering layout layouts/application.html.erb
  Rendering blogs/index.html.erb within layouts/application
  [1m[36mBlog Load (0.3ms)[0m  [1m[34mSELECT "blogs".* FROM "blogs" WHERE "blogs"."user_id" = $1 LIMIT $2 OFFSET $3[0m  [["user_id", 1], ["LIMIT", 20], ["OFFSET", 0]]
  ↳ app/views/blogs/index.html.erb:18
  Rendered blogs/_blog.html.erb (Duration: 0.3ms | Allocations: 68)
  Rendered blogs/_blog.html.erb (Duration: 0.1ms | Allocations: 52)
  Rendered blogs/_blog.html.erb (Duration: 0.1ms | Allocations: 52)
  Rendered blogs/_blog.html.erb (Duration: 0.1ms | Allocations: 52)
  Rendered blogs/_blog.html.erb (Duration: 0.1ms | Allocations: 53)
  Rendered blogs/_blog.html.erb (Duration: 0.1ms | Allocations: 52)
  Rendered blogs/index.html.erb within layouts/application (Duration: 2.4ms | Allocations: 1445)
  Rendered layout layouts/application.html.erb (Duration: 6.3ms | Allocations: 4201)
Completed 200 OK in 11ms (Views: 6.6ms | ActiveRecord: 1.1ms | Allocations: 6364)


Started GET "/employees" for ::1 at 2024-05-30 21:08:45 +0500
Processing by EmployeesController#index as HTML
  [1m[36mUser Load (0.5ms)[0m  [1m[34mSELECT "users".* FROM "users" WHERE "users"."id" = $1 ORDER BY "users"."id" ASC LIMIT $2[0m  [["id", 1], ["LIMIT", 1]]
  Rendering layout layouts/application.html.erb
  Rendering employees/index.html.erb within layouts/application
  Rendered employees/index.html.erb within layouts/application (Duration: 3.2ms | Allocations: 1674)
  Rendered layout layouts/application.html.erb (Duration: 12.9ms | Allocations: 4440)
Completed 200 OK in 1438ms (Views: 14.7ms | ActiveRecord: 0.5ms | Allocations: 7119)


Started POST "/blogs/import" for ::1 at 2024-05-30 21:08:50 +0500
Processing by BlogsController#import as TURBO_STREAM
  Parameters: {"authenticity_token"=>"[FILTERED]", "attachment"=>#<ActionDispatch::Http::UploadedFile:0x000000010ef57a80 @tempfile=#<Tempfile:/var/folders/_s/n4ws7k6s375dcb75t5zxb_vh0000gn/T/RackMultipart20240530-92958-z9oj2g.csv>, @content_type="text/csv", @original_filename="Sample-Spreadsheet-50000-rows.csv", @headers="Content-Disposition: form-data; name=\"attachment\"; filename=\"Sample-Spreadsheet-50000-rows.csv\"\r\nContent-Type: text/csv\r\n">, "commit"=>"Save"}
  [1m[36mUser Load (0.3ms)[0m  [1m[34mSELECT "users".* FROM "users" WHERE "users"."id" = $1 ORDER BY "users"."id" ASC LIMIT $2[0m  [["id", 1], ["LIMIT", 1]]
Completed 500 Internal Server Error in 4ms (ActiveRecord: 0.3ms | Allocations: 6107)


  
CSV::MalformedCSVError (Illegal quoting in line 211.):
  
app/controllers/blogs_controller.rb:66:in `import'
Started GET "/blogs" for ::1 at 2024-05-30 21:09:11 +0500
Processing by BlogsController#index as HTML
  [1m[36mUser Load (0.2ms)[0m  [1m[34mSELECT "users".* FROM "users" WHERE "users"."id" = $1 ORDER BY "users"."id" ASC LIMIT $2[0m  [["id", 1], ["LIMIT", 1]]
  [1m[36mBlog Count (0.3ms)[0m  [1m[34mSELECT COUNT(*) FROM "blogs" WHERE "blogs"."user_id" = $1[0m  [["user_id", 1]]
  ↳ app/controllers/blogs_controller.rb:9:in `index'
  Rendering layout layouts/application.html.erb
  Rendering blogs/index.html.erb within layouts/application
  [1m[36mBlog Load (0.2ms)[0m  [1m[34mSELECT "blogs".* FROM "blogs" WHERE "blogs"."user_id" = $1 LIMIT $2 OFFSET $3[0m  [["user_id", 1], ["LIMIT", 20], ["OFFSET", 0]]
  ↳ app/views/blogs/index.html.erb:18
  Rendered blogs/_blog.html.erb (Duration: 0.3ms | Allocations: 130)
  Rendered blogs/_blog.html.erb (Duration: 0.0ms | Allocations: 52)
  Rendered blogs/_blog.html.erb (Duration: 0.0ms | Allocations: 52)
  Rendered blogs/_blog.html.erb (Duration: 0.0ms | Allocations: 52)
  Rendered blogs/_blog.html.erb (Duration: 0.0ms | Allocations: 53)
  Rendered blogs/_blog.html.erb (Duration: 0.0ms | Allocations: 52)
  Rendered blogs/index.html.erb within layouts/application (Duration: 6.3ms | Allocations: 3795)
  Rendered layout layouts/application.html.erb (Duration: 9.1ms | Allocations: 6811)
Completed 200 OK in 35ms (Views: 6.4ms | ActiveRecord: 19.8ms | Allocations: 17731)


Started GET "/employees" for ::1 at 2024-05-30 21:09:11 +0500
Processing by EmployeesController#index as HTML
  [1m[36mUser Load (0.2ms)[0m  [1m[34mSELECT "users".* FROM "users" WHERE "users"."id" = $1 ORDER BY "users"."id" ASC LIMIT $2[0m  [["id", 1], ["LIMIT", 1]]
  Rendering layout layouts/application.html.erb
  Rendering employees/index.html.erb within layouts/application
  Rendered employees/index.html.erb within layouts/application (Duration: 2.3ms | Allocations: 1748)
  Rendered layout layouts/application.html.erb (Duration: 12.2ms | Allocations: 4758)
Completed 200 OK in 1265ms (Views: 15.5ms | ActiveRecord: 0.2ms | Allocations: 8238)


Started POST "/blogs/import" for ::1 at 2024-05-30 21:09:15 +0500
Processing by BlogsController#import as TURBO_STREAM
  Parameters: {"authenticity_token"=>"[FILTERED]", "attachment"=>#<ActionDispatch::Http::UploadedFile:0x0000000109b278c0 @tempfile=#<Tempfile:/var/folders/_s/n4ws7k6s375dcb75t5zxb_vh0000gn/T/RackMultipart20240530-92958-ykjv5s.csv>, @content_type="text/csv", @original_filename="Sample-Spreadsheet-50000-rows.csv", @headers="Content-Disposition: form-data; name=\"attachment\"; filename=\"Sample-Spreadsheet-50000-rows.csv\"\r\nContent-Type: text/csv\r\n">, "commit"=>"Save"}
  [1m[36mUser Load (0.2ms)[0m  [1m[34mSELECT "users".* FROM "users" WHERE "users"."id" = $1 ORDER BY "users"."id" ASC LIMIT $2[0m  [["id", 1], ["LIMIT", 1]]
Completed 500 Internal Server Error in 3ms (ActiveRecord: 0.2ms | Allocations: 6342)


  
CSV::MalformedCSVError (Illegal quoting in line 211.):
  
app/controllers/blogs_controller.rb:66:in `import'
Started GET "/blogs" for ::1 at 2024-05-30 21:09:40 +0500
Processing by BlogsController#index as HTML
  [1m[36mUser Load (0.2ms)[0m  [1m[34mSELECT "users".* FROM "users" WHERE "users"."id" = $1 ORDER BY "users"."id" ASC LIMIT $2[0m  [["id", 1], ["LIMIT", 1]]
  [1m[36mBlog Count (0.2ms)[0m  [1m[34mSELECT COUNT(*) FROM "blogs" WHERE "blogs"."user_id" = $1[0m  [["user_id", 1]]
  ↳ app/controllers/blogs_controller.rb:9:in `index'
  Rendering layout layouts/application.html.erb
  Rendering blogs/index.html.erb within layouts/application
  [1m[36mBlog Load (0.1ms)[0m  [1m[34mSELECT "blogs".* FROM "blogs" WHERE "blogs"."user_id" = $1 LIMIT $2 OFFSET $3[0m  [["user_id", 1], ["LIMIT", 20], ["OFFSET", 0]]
  ↳ app/views/blogs/index.html.erb:18
  Rendered blogs/_blog.html.erb (Duration: 0.2ms | Allocations: 130)
  Rendered blogs/_blog.html.erb (Duration: 0.0ms | Allocations: 52)
  Rendered blogs/_blog.html.erb (Duration: 0.0ms | Allocations: 52)
  Rendered blogs/_blog.html.erb (Duration: 0.1ms | Allocations: 52)
  Rendered blogs/_blog.html.erb (Duration: 0.0ms | Allocations: 53)
  Rendered blogs/_blog.html.erb (Duration: 0.0ms | Allocations: 52)
  Rendered blogs/index.html.erb within layouts/application (Duration: 4.8ms | Allocations: 3795)
  Rendered layout layouts/application.html.erb (Duration: 7.7ms | Allocations: 6811)
Completed 200 OK in 25ms (Views: 7.0ms | ActiveRecord: 8.2ms | Allocations: 17620)


Started POST "/blogs/import" for ::1 at 2024-05-30 21:09:45 +0500
Processing by BlogsController#import as TURBO_STREAM
  Parameters: {"authenticity_token"=>"[FILTERED]", "attachment"=>#<ActionDispatch::Http::UploadedFile:0x000000011dd6e188 @tempfile=#<Tempfile:/var/folders/_s/n4ws7k6s375dcb75t5zxb_vh0000gn/T/RackMultipart20240530-92958-1qg5bn.csv>, @content_type="text/csv", @original_filename="Sample-Spreadsheet-50000-rows.csv", @headers="Content-Disposition: form-data; name=\"attachment\"; filename=\"Sample-Spreadsheet-50000-rows.csv\"\r\nContent-Type: text/csv\r\n">, "commit"=>"Save"}
  [1m[36mUser Load (0.2ms)[0m  [1m[34mSELECT "users".* FROM "users" WHERE "users"."id" = $1 ORDER BY "users"."id" ASC LIMIT $2[0m  [["id", 1], ["LIMIT", 1]]
Failed to import blogs: no implicit conversion of Hash into String
Redirected to http://localhost:3000/blogs
Completed 302 Found in 3ms (ActiveRecord: 0.2ms | Allocations: 2081)


Started GET "/blogs" for ::1 at 2024-05-30 21:09:45 +0500
Processing by BlogsController#index as TURBO_STREAM
  [1m[36mUser Load (0.2ms)[0m  [1m[34mSELECT "users".* FROM "users" WHERE "users"."id" = $1 ORDER BY "users"."id" ASC LIMIT $2[0m  [["id", 1], ["LIMIT", 1]]
  [1m[36mBlog Count (0.4ms)[0m  [1m[34mSELECT COUNT(*) FROM "blogs" WHERE "blogs"."user_id" = $1[0m  [["user_id", 1]]
  ↳ app/controllers/blogs_controller.rb:9:in `index'
  Rendering layout layouts/application.html.erb
  Rendering blogs/index.html.erb within layouts/application
  [1m[36mBlog Load (0.2ms)[0m  [1m[34mSELECT "blogs".* FROM "blogs" WHERE "blogs"."user_id" = $1 LIMIT $2 OFFSET $3[0m  [["user_id", 1], ["LIMIT", 20], ["OFFSET", 0]]
  ↳ app/views/blogs/index.html.erb:18
  Rendered blogs/_blog.html.erb (Duration: 0.2ms | Allocations: 68)
  Rendered blogs/_blog.html.erb (Duration: 0.1ms | Allocations: 52)
  Rendered blogs/_blog.html.erb (Duration: 0.1ms | Allocations: 52)
  Rendered blogs/_blog.html.erb (Duration: 0.1ms | Allocations: 52)
  Rendered blogs/_blog.html.erb (Duration: 0.2ms | Allocations: 53)
  Rendered blogs/_blog.html.erb (Duration: 0.1ms | Allocations: 52)
  Rendered blogs/index.html.erb within layouts/application (Duration: 2.3ms | Allocations: 1446)
  Rendered layout layouts/application.html.erb (Duration: 4.6ms | Allocations: 4202)
Completed 200 OK in 8ms (Views: 4.8ms | ActiveRecord: 0.7ms | Allocations: 6458)


Started GET "/blogs" for ::1 at 2024-05-30 21:09:55 +0500
Processing by BlogsController#index as HTML
  [1m[36mUser Load (0.6ms)[0m  [1m[34mSELECT "users".* FROM "users" WHERE "users"."id" = $1 ORDER BY "users"."id" ASC LIMIT $2[0m  [["id", 1], ["LIMIT", 1]]
  [1m[36mBlog Count (0.6ms)[0m  [1m[34mSELECT COUNT(*) FROM "blogs" WHERE "blogs"."user_id" = $1[0m  [["user_id", 1]]
  ↳ app/controllers/blogs_controller.rb:9:in `index'
  Rendering layout layouts/application.html.erb
  Rendering blogs/index.html.erb within layouts/application
  [1m[36mBlog Load (0.2ms)[0m  [1m[34mSELECT "blogs".* FROM "blogs" WHERE "blogs"."user_id" = $1 LIMIT $2 OFFSET $3[0m  [["user_id", 1], ["LIMIT", 20], ["OFFSET", 0]]
  ↳ app/views/blogs/index.html.erb:18
  Rendered blogs/_blog.html.erb (Duration: 0.4ms | Allocations: 68)
  Rendered blogs/_blog.html.erb (Duration: 0.1ms | Allocations: 52)
  Rendered blogs/_blog.html.erb (Duration: 0.1ms | Allocations: 52)
  Rendered blogs/_blog.html.erb (Duration: 0.1ms | Allocations: 52)
  Rendered blogs/_blog.html.erb (Duration: 0.1ms | Allocations: 53)
  Rendered blogs/_blog.html.erb (Duration: 0.1ms | Allocations: 52)
  Rendered blogs/index.html.erb within layouts/application (Duration: 3.2ms | Allocations: 1442)
  Rendered layout layouts/application.html.erb (Duration: 7.3ms | Allocations: 4198)
Completed 200 OK in 19ms (Views: 8.1ms | ActiveRecord: 1.4ms | Allocations: 6361)


Started GET "/blogs" for ::1 at 2024-05-30 21:09:57 +0500
Processing by BlogsController#index as HTML
  [1m[36mUser Load (0.3ms)[0m  [1m[34mSELECT "users".* FROM "users" WHERE "users"."id" = $1 ORDER BY "users"."id" ASC LIMIT $2[0m  [["id", 1], ["LIMIT", 1]]
  [1m[36mBlog Count (0.6ms)[0m  [1m[34mSELECT COUNT(*) FROM "blogs" WHERE "blogs"."user_id" = $1[0m  [["user_id", 1]]
  ↳ app/controllers/blogs_controller.rb:9:in `index'
  Rendering layout layouts/application.html.erb
  Rendering blogs/index.html.erb within layouts/application
  [1m[36mBlog Load (0.5ms)[0m  [1m[34mSELECT "blogs".* FROM "blogs" WHERE "blogs"."user_id" = $1 LIMIT $2 OFFSET $3[0m  [["user_id", 1], ["LIMIT", 20], ["OFFSET", 0]]
  ↳ app/views/blogs/index.html.erb:18
  Rendered blogs/_blog.html.erb (Duration: 0.3ms | Allocations: 68)
  Rendered blogs/_blog.html.erb (Duration: 0.1ms | Allocations: 52)
  Rendered blogs/_blog.html.erb (Duration: 0.1ms | Allocations: 52)
  Rendered blogs/_blog.html.erb (Duration: 0.1ms | Allocations: 52)
  Rendered blogs/_blog.html.erb (Duration: 0.1ms | Allocations: 53)
  Rendered blogs/_blog.html.erb (Duration: 0.1ms | Allocations: 52)
  Rendered blogs/index.html.erb within layouts/application (Duration: 4.1ms | Allocations: 1442)
  Rendered layout layouts/application.html.erb (Duration: 9.5ms | Allocations: 4198)
Completed 200 OK in 17ms (Views: 9.8ms | ActiveRecord: 1.4ms | Allocations: 6376)


Started GET "/blogs" for ::1 at 2024-05-30 21:09:57 +0500
Processing by BlogsController#index as HTML
  [1m[36mUser Load (0.2ms)[0m  [1m[34mSELECT "users".* FROM "users" WHERE "users"."id" = $1 ORDER BY "users"."id" ASC LIMIT $2[0m  [["id", 1], ["LIMIT", 1]]
  [1m[36mBlog Count (0.6ms)[0m  [1m[34mSELECT COUNT(*) FROM "blogs" WHERE "blogs"."user_id" = $1[0m  [["user_id", 1]]
  ↳ app/controllers/blogs_controller.rb:9:in `index'
  Rendering layout layouts/application.html.erb
  Rendering blogs/index.html.erb within layouts/application
  [1m[36mBlog Load (0.3ms)[0m  [1m[34mSELECT "blogs".* FROM "blogs" WHERE "blogs"."user_id" = $1 LIMIT $2 OFFSET $3[0m  [["user_id", 1], ["LIMIT", 20], ["OFFSET", 0]]
  ↳ app/views/blogs/index.html.erb:18
  Rendered blogs/_blog.html.erb (Duration: 0.3ms | Allocations: 68)
  Rendered blogs/_blog.html.erb (Duration: 0.1ms | Allocations: 52)
  Rendered blogs/_blog.html.erb (Duration: 0.1ms | Allocations: 52)
  Rendered blogs/_blog.html.erb (Duration: 0.1ms | Allocations: 52)
  Rendered blogs/_blog.html.erb (Duration: 0.2ms | Allocations: 53)
  Rendered blogs/_blog.html.erb (Duration: 0.1ms | Allocations: 52)
  Rendered blogs/index.html.erb within layouts/application (Duration: 4.1ms | Allocations: 1442)
  Rendered layout layouts/application.html.erb (Duration: 9.1ms | Allocations: 4198)
Completed 200 OK in 16ms (Views: 9.5ms | ActiveRecord: 1.1ms | Allocations: 6385)


Started GET "/blogs" for ::1 at 2024-05-30 21:10:30 +0500
Processing by BlogsController#index as HTML
  [1m[36mUser Load (0.4ms)[0m  [1m[34mSELECT "users".* FROM "users" WHERE "users"."id" = $1 ORDER BY "users"."id" ASC LIMIT $2[0m  [["id", 1], ["LIMIT", 1]]
  [1m[36mBlog Count (0.4ms)[0m  [1m[34mSELECT COUNT(*) FROM "blogs" WHERE "blogs"."user_id" = $1[0m  [["user_id", 1]]
  ↳ app/controllers/blogs_controller.rb:9:in `index'
  Rendering layout layouts/application.html.erb
  Rendering blogs/index.html.erb within layouts/application
  [1m[36mBlog Load (0.4ms)[0m  [1m[34mSELECT "blogs".* FROM "blogs" WHERE "blogs"."user_id" = $1 LIMIT $2 OFFSET $3[0m  [["user_id", 1], ["LIMIT", 20], ["OFFSET", 0]]
  ↳ app/views/blogs/index.html.erb:18
  Rendered blogs/_blog.html.erb (Duration: 1.6ms | Allocations: 130)
  Rendered blogs/_blog.html.erb (Duration: 0.2ms | Allocations: 52)
  Rendered blogs/_blog.html.erb (Duration: 0.1ms | Allocations: 52)
  Rendered blogs/_blog.html.erb (Duration: 0.1ms | Allocations: 52)
  Rendered blogs/_blog.html.erb (Duration: 0.1ms | Allocations: 53)
  Rendered blogs/_blog.html.erb (Duration: 0.1ms | Allocations: 52)
  Rendered blogs/index.html.erb within layouts/application (Duration: 14.0ms | Allocations: 3795)
  Rendered layout layouts/application.html.erb (Duration: 27.4ms | Allocations: 6809)
Completed 200 OK in 73ms (Views: 27.2ms | ActiveRecord: 23.3ms | Allocations: 17585)


Started POST "/blogs/import" for ::1 at 2024-05-30 21:10:36 +0500
Processing by BlogsController#import as TURBO_STREAM
  Parameters: {"authenticity_token"=>"[FILTERED]", "attachment"=>#<ActionDispatch::Http::UploadedFile:0x0000000128675da8 @tempfile=#<Tempfile:/var/folders/_s/n4ws7k6s375dcb75t5zxb_vh0000gn/T/RackMultipart20240530-92958-v9ki4j.csv>, @content_type="text/csv", @original_filename="Sample-Spreadsheet-50000-rows.csv", @headers="Content-Disposition: form-data; name=\"attachment\"; filename=\"Sample-Spreadsheet-50000-rows.csv\"\r\nContent-Type: text/csv\r\n">, "commit"=>"Save"}
  [1m[36mUser Load (0.1ms)[0m  [1m[34mSELECT "users".* FROM "users" WHERE "users"."id" = $1 ORDER BY "users"."id" ASC LIMIT $2[0m  [["id", 1], ["LIMIT", 1]]
Failed to import blogs: no implicit conversion of Hash into String
Redirected to http://localhost:3000/blogs
Completed 302 Found in 6858ms (ActiveRecord: 0.1ms | Allocations: 20299)


Started GET "/blogs" for ::1 at 2024-05-30 21:10:43 +0500
Processing by BlogsController#index as TURBO_STREAM
  [1m[36mUser Load (0.5ms)[0m  [1m[34mSELECT "users".* FROM "users" WHERE "users"."id" = $1 ORDER BY "users"."id" ASC LIMIT $2[0m  [["id", 1], ["LIMIT", 1]]
  [1m[36mBlog Count (0.5ms)[0m  [1m[34mSELECT COUNT(*) FROM "blogs" WHERE "blogs"."user_id" = $1[0m  [["user_id", 1]]
  ↳ app/controllers/blogs_controller.rb:9:in `index'
  Rendering layout layouts/application.html.erb
  Rendering blogs/index.html.erb within layouts/application
  [1m[36mBlog Load (0.1ms)[0m  [1m[34mSELECT "blogs".* FROM "blogs" WHERE "blogs"."user_id" = $1 LIMIT $2 OFFSET $3[0m  [["user_id", 1], ["LIMIT", 20], ["OFFSET", 0]]
  ↳ app/views/blogs/index.html.erb:18
  Rendered blogs/_blog.html.erb (Duration: 0.2ms | Allocations: 68)
  Rendered blogs/_blog.html.erb (Duration: 0.0ms | Allocations: 52)
  Rendered blogs/_blog.html.erb (Duration: 0.1ms | Allocations: 52)
  Rendered blogs/_blog.html.erb (Duration: 0.1ms | Allocations: 52)
  Rendered blogs/_blog.html.erb (Duration: 0.0ms | Allocations: 53)
  Rendered blogs/_blog.html.erb (Duration: 0.0ms | Allocations: 52)
  Rendered blogs/index.html.erb within layouts/application (Duration: 2.4ms | Allocations: 1446)
  Rendered layout layouts/application.html.erb (Duration: 5.6ms | Allocations: 4202)
Completed 200 OK in 32ms (Views: 6.2ms | ActiveRecord: 1.1ms | Allocations: 6450)


Started POST "/blogs/import" for ::1 at 2024-05-30 21:10:55 +0500
Processing by BlogsController#import as TURBO_STREAM
  Parameters: {"authenticity_token"=>"[FILTERED]", "attachment"=>#<ActionDispatch::Http::UploadedFile:0x0000000109b25d90 @tempfile=#<Tempfile:/var/folders/_s/n4ws7k6s375dcb75t5zxb_vh0000gn/T/RackMultipart20240530-92958-i4rh92.csv>, @content_type="text/csv", @original_filename="Sample-Spreadsheet-50000-rows.csv", @headers="Content-Disposition: form-data; name=\"attachment\"; filename=\"Sample-Spreadsheet-50000-rows.csv\"\r\nContent-Type: text/csv\r\n">, "commit"=>"Save"}
  [1m[36mUser Load (0.4ms)[0m  [1m[34mSELECT "users".* FROM "users" WHERE "users"."id" = $1 ORDER BY "users"."id" ASC LIMIT $2[0m  [["id", 1], ["LIMIT", 1]]
Started GET "/blogs" for ::1 at 2024-05-30 21:11:24 +0500
  [1m[36mActiveRecord::SchemaMigration Pluck (0.7ms)[0m  [1m[34mSELECT "schema_migrations"."version" FROM "schema_migrations" ORDER BY "schema_migrations"."version" ASC[0m
Processing by BlogsController#index as HTML
  [1m[36mUser Load (1.0ms)[0m  [1m[34mSELECT "users".* FROM "users" WHERE "users"."id" = $1 ORDER BY "users"."id" ASC LIMIT $2[0m  [["id", 1], ["LIMIT", 1]]
  [1m[36mBlog Count (0.8ms)[0m  [1m[34mSELECT COUNT(*) FROM "blogs" WHERE "blogs"."user_id" = $1[0m  [["user_id", 1]]
  ↳ app/controllers/blogs_controller.rb:9:in `index'
  Rendering layout layouts/application.html.erb
  Rendering blogs/index.html.erb within layouts/application
  [1m[36mBlog Load (0.3ms)[0m  [1m[34mSELECT "blogs".* FROM "blogs" WHERE "blogs"."user_id" = $1 LIMIT $2 OFFSET $3[0m  [["user_id", 1], ["LIMIT", 20], ["OFFSET", 0]]
  ↳ app/views/blogs/index.html.erb:18
  Rendered blogs/_blog.html.erb (Duration: 0.5ms | Allocations: 514)
  Rendered blogs/_blog.html.erb (Duration: 0.0ms | Allocations: 52)
  Rendered blogs/_blog.html.erb (Duration: 0.0ms | Allocations: 52)
  Rendered blogs/_blog.html.erb (Duration: 0.0ms | Allocations: 52)
  Rendered blogs/_blog.html.erb (Duration: 0.0ms | Allocations: 53)
  Rendered blogs/_blog.html.erb (Duration: 0.0ms | Allocations: 52)
  Rendered blogs/index.html.erb within layouts/application (Duration: 9.5ms | Allocations: 18361)
  Rendered layout layouts/application.html.erb (Duration: 42.4ms | Allocations: 42415)
Completed 200 OK in 75ms (Views: 40.7ms | ActiveRecord: 14.4ms | Allocations: 80298)


Started GET "/employees/new" for ::1 at 2024-05-30 21:12:14 +0500
Processing by EmployeesController#new as HTML
  [1m[36mUser Load (0.2ms)[0m  [1m[34mSELECT "users".* FROM "users" WHERE "users"."id" = $1 ORDER BY "users"."id" ASC LIMIT $2[0m  [["id", 1], ["LIMIT", 1]]
  Rendering layout layouts/application.html.erb
  Rendering employees/new.html.erb within layouts/application
  Rendered employees/new.html.erb within layouts/application (Duration: 1.0ms | Allocations: 982)
  Rendered layout layouts/application.html.erb (Duration: 3.4ms | Allocations: 3969)
Completed 200 OK in 16ms (Views: 4.4ms | ActiveRecord: 5.3ms | Allocations: 11333)


Started POST "/blogs/import" for ::1 at 2024-05-30 21:12:18 +0500
Processing by BlogsController#import as TURBO_STREAM
  Parameters: {"authenticity_token"=>"[FILTERED]", "attachment"=>#<ActionDispatch::Http::UploadedFile:0x000000013a5b0208 @tempfile=#<Tempfile:/var/folders/_s/n4ws7k6s375dcb75t5zxb_vh0000gn/T/RackMultipart20240530-94625-nlvdz.csv>, @content_type="text/csv", @original_filename="Sample-Spreadsheet-50000-rows.csv", @headers="Content-Disposition: form-data; name=\"attachment\"; filename=\"Sample-Spreadsheet-50000-rows.csv\"\r\nContent-Type: text/csv\r\n">, "commit"=>"Save"}
  [1m[36mUser Load (0.3ms)[0m  [1m[34mSELECT "users".* FROM "users" WHERE "users"."id" = $1 ORDER BY "users"."id" ASC LIMIT $2[0m  [["id", 1], ["LIMIT", 1]]
Failed to import blogs: no implicit conversion of Hash into String
Redirected to http://localhost:3000/blogs
Completed 302 Found in 3ms (ActiveRecord: 0.3ms | Allocations: 2445)


Started GET "/blogs" for ::1 at 2024-05-30 21:12:18 +0500
Processing by BlogsController#index as TURBO_STREAM
  [1m[36mUser Load (0.3ms)[0m  [1m[34mSELECT "users".* FROM "users" WHERE "users"."id" = $1 ORDER BY "users"."id" ASC LIMIT $2[0m  [["id", 1], ["LIMIT", 1]]
  [1m[36mBlog Count (0.4ms)[0m  [1m[34mSELECT COUNT(*) FROM "blogs" WHERE "blogs"."user_id" = $1[0m  [["user_id", 1]]
  ↳ app/controllers/blogs_controller.rb:9:in `index'
  Rendering layout layouts/application.html.erb
  Rendering blogs/index.html.erb within layouts/application
  [1m[36mBlog Load (1.1ms)[0m  [1m[34mSELECT "blogs".* FROM "blogs" WHERE "blogs"."user_id" = $1 LIMIT $2 OFFSET $3[0m  [["user_id", 1], ["LIMIT", 20], ["OFFSET", 0]]
  ↳ app/views/blogs/index.html.erb:18
  Rendered blogs/_blog.html.erb (Duration: 0.2ms | Allocations: 126)
  Rendered blogs/_blog.html.erb (Duration: 0.0ms | Allocations: 52)
  Rendered blogs/_blog.html.erb (Duration: 0.0ms | Allocations: 52)
  Rendered blogs/_blog.html.erb (Duration: 0.0ms | Allocations: 52)
  Rendered blogs/_blog.html.erb (Duration: 0.0ms | Allocations: 53)
  Rendered blogs/_blog.html.erb (Duration: 0.0ms | Allocations: 52)
  Rendered blogs/index.html.erb within layouts/application (Duration: 7.7ms | Allocations: 3844)
  Rendered layout layouts/application.html.erb (Duration: 9.6ms | Allocations: 6853)
Completed 200 OK in 18ms (Views: 7.4ms | ActiveRecord: 5.4ms | Allocations: 12470)


Started GET "/employees" for ::1 at 2024-05-30 21:14:06 +0500
Processing by EmployeesController#index as HTML
  [1m[36mUser Load (13.8ms)[0m  [1m[34mSELECT "users".* FROM "users" WHERE "users"."id" = $1 ORDER BY "users"."id" ASC LIMIT $2[0m  [["id", 1], ["LIMIT", 1]]
  Rendering layout layouts/application.html.erb
  Rendering employees/index.html.erb within layouts/application
  Rendered employees/index.html.erb within layouts/application (Duration: 7.4ms | Allocations: 2216)
  Rendered layout layouts/application.html.erb (Duration: 16.8ms | Allocations: 4999)
Completed 200 OK in 1152ms (Views: 20.9ms | ActiveRecord: 13.8ms | Allocations: 8170)


Started POST "/blogs/import" for ::1 at 2024-05-30 21:14:12 +0500
Processing by BlogsController#import as TURBO_STREAM
  Parameters: {"authenticity_token"=>"[FILTERED]", "attachment"=>#<ActionDispatch::Http::UploadedFile:0x00000001398d7680 @tempfile=#<Tempfile:/var/folders/_s/n4ws7k6s375dcb75t5zxb_vh0000gn/T/RackMultipart20240530-94625-hbn1vx.csv>, @content_type="text/csv", @original_filename="Sample-Spreadsheet-50000-rows.csv", @headers="Content-Disposition: form-data; name=\"attachment\"; filename=\"Sample-Spreadsheet-50000-rows.csv\"\r\nContent-Type: text/csv\r\n">, "commit"=>"Save"}
  [1m[36mUser Load (0.4ms)[0m  [1m[34mSELECT "users".* FROM "users" WHERE "users"."id" = $1 ORDER BY "users"."id" ASC LIMIT $2[0m  [["id", 1], ["LIMIT", 1]]
Failed to import blogs: no implicit conversion of Hash into String
Redirected to http://localhost:3000/blogs
Completed 302 Found in 3ms (ActiveRecord: 0.4ms | Allocations: 1953)


Started GET "/blogs" for ::1 at 2024-05-30 21:14:12 +0500
Processing by BlogsController#index as TURBO_STREAM
  [1m[36mUser Load (0.3ms)[0m  [1m[34mSELECT "users".* FROM "users" WHERE "users"."id" = $1 ORDER BY "users"."id" ASC LIMIT $2[0m  [["id", 1], ["LIMIT", 1]]
  [1m[36mBlog Count (0.6ms)[0m  [1m[34mSELECT COUNT(*) FROM "blogs" WHERE "blogs"."user_id" = $1[0m  [["user_id", 1]]
  ↳ app/controllers/blogs_controller.rb:9:in `index'
  Rendering layout layouts/application.html.erb
  Rendering blogs/index.html.erb within layouts/application
  [1m[36mBlog Load (0.2ms)[0m  [1m[34mSELECT "blogs".* FROM "blogs" WHERE "blogs"."user_id" = $1 LIMIT $2 OFFSET $3[0m  [["user_id", 1], ["LIMIT", 20], ["OFFSET", 0]]
  ↳ app/views/blogs/index.html.erb:18
  Rendered blogs/_blog.html.erb (Duration: 0.1ms | Allocations: 68)
  Rendered blogs/_blog.html.erb (Duration: 0.0ms | Allocations: 52)
  Rendered blogs/_blog.html.erb (Duration: 0.0ms | Allocations: 52)
  Rendered blogs/_blog.html.erb (Duration: 0.1ms | Allocations: 52)
  Rendered blogs/_blog.html.erb (Duration: 0.0ms | Allocations: 53)
  Rendered blogs/_blog.html.erb (Duration: 0.0ms | Allocations: 52)
  Rendered blogs/index.html.erb within layouts/application (Duration: 1.8ms | Allocations: 1445)
  Rendered layout layouts/application.html.erb (Duration: 4.4ms | Allocations: 4217)
Completed 200 OK in 8ms (Views: 4.5ms | ActiveRecord: 1.1ms | Allocations: 6456)


Started POST "/blogs/import" for ::1 at 2024-05-30 21:14:23 +0500
Processing by BlogsController#import as TURBO_STREAM
  Parameters: {"authenticity_token"=>"[FILTERED]", "attachment"=>#<ActionDispatch::Http::UploadedFile:0x000000013ab68290 @tempfile=#<Tempfile:/var/folders/_s/n4ws7k6s375dcb75t5zxb_vh0000gn/T/RackMultipart20240530-94625-jklbd9.csv>, @content_type="text/csv", @original_filename="Sample-Spreadsheet-50000-rows.csv", @headers="Content-Disposition: form-data; name=\"attachment\"; filename=\"Sample-Spreadsheet-50000-rows.csv\"\r\nContent-Type: text/csv\r\n">, "commit"=>"Save"}
  [1m[36mUser Load (0.2ms)[0m  [1m[34mSELECT "users".* FROM "users" WHERE "users"."id" = $1 ORDER BY "users"."id" ASC LIMIT $2[0m  [["id", 1], ["LIMIT", 1]]
Failed to import blogs: no implicit conversion of Hash into String
Redirected to http://localhost:3000/blogs
Completed 302 Found in 4ms (ActiveRecord: 0.2ms | Allocations: 1918)


Started GET "/blogs" for ::1 at 2024-05-30 21:14:23 +0500
Processing by BlogsController#index as TURBO_STREAM
  [1m[36mUser Load (0.2ms)[0m  [1m[34mSELECT "users".* FROM "users" WHERE "users"."id" = $1 ORDER BY "users"."id" ASC LIMIT $2[0m  [["id", 1], ["LIMIT", 1]]
  [1m[36mBlog Count (0.3ms)[0m  [1m[34mSELECT COUNT(*) FROM "blogs" WHERE "blogs"."user_id" = $1[0m  [["user_id", 1]]
  ↳ app/controllers/blogs_controller.rb:9:in `index'
  Rendering layout layouts/application.html.erb
  Rendering blogs/index.html.erb within layouts/application
  [1m[36mBlog Load (0.3ms)[0m  [1m[34mSELECT "blogs".* FROM "blogs" WHERE "blogs"."user_id" = $1 LIMIT $2 OFFSET $3[0m  [["user_id", 1], ["LIMIT", 20], ["OFFSET", 0]]
  ↳ app/views/blogs/index.html.erb:18
  Rendered blogs/_blog.html.erb (Duration: 0.1ms | Allocations: 68)
  Rendered blogs/_blog.html.erb (Duration: 0.1ms | Allocations: 52)
  Rendered blogs/_blog.html.erb (Duration: 0.1ms | Allocations: 52)
  Rendered blogs/_blog.html.erb (Duration: 0.1ms | Allocations: 52)
  Rendered blogs/_blog.html.erb (Duration: 0.1ms | Allocations: 53)
  Rendered blogs/_blog.html.erb (Duration: 0.1ms | Allocations: 52)
  Rendered blogs/index.html.erb within layouts/application (Duration: 1.9ms | Allocations: 1445)
  Rendered layout layouts/application.html.erb (Duration: 4.6ms | Allocations: 4201)
Completed 200 OK in 8ms (Views: 4.6ms | ActiveRecord: 0.7ms | Allocations: 6401)


Started GET "/blogs" for ::1 at 2024-05-30 21:15:57 +0500
Processing by BlogsController#index as HTML
  [1m[36mUser Load (0.2ms)[0m  [1m[34mSELECT "users".* FROM "users" WHERE "users"."id" = $1 ORDER BY "users"."id" ASC LIMIT $2[0m  [["id", 1], ["LIMIT", 1]]
  [1m[36mBlog Count (0.3ms)[0m  [1m[34mSELECT COUNT(*) FROM "blogs" WHERE "blogs"."user_id" = $1[0m  [["user_id", 1]]
  ↳ app/controllers/blogs_controller.rb:9:in `index'
  Rendering layout layouts/application.html.erb
  Rendering blogs/index.html.erb within layouts/application
  [1m[36mBlog Load (0.1ms)[0m  [1m[34mSELECT "blogs".* FROM "blogs" WHERE "blogs"."user_id" = $1 LIMIT $2 OFFSET $3[0m  [["user_id", 1], ["LIMIT", 20], ["OFFSET", 0]]
  ↳ app/views/blogs/index.html.erb:18
  Rendered blogs/_blog.html.erb (Duration: 0.2ms | Allocations: 130)
  Rendered blogs/_blog.html.erb (Duration: 0.0ms | Allocations: 52)
  Rendered blogs/_blog.html.erb (Duration: 0.0ms | Allocations: 52)
  Rendered blogs/_blog.html.erb (Duration: 0.0ms | Allocations: 52)
  Rendered blogs/_blog.html.erb (Duration: 0.0ms | Allocations: 53)
  Rendered blogs/_blog.html.erb (Duration: 0.0ms | Allocations: 52)
  Rendered blogs/index.html.erb within layouts/application (Duration: 3.9ms | Allocations: 3795)
  Rendered layout layouts/application.html.erb (Duration: 17.2ms | Allocations: 6825)
Completed 200 OK in 45ms (Views: 16.2ms | ActiveRecord: 20.9ms | Allocations: 17661)


Started POST "/blogs/import" for ::1 at 2024-05-30 21:16:12 +0500
Processing by BlogsController#import as TURBO_STREAM
  Parameters: {"authenticity_token"=>"[FILTERED]", "attachment"=>#<ActionDispatch::Http::UploadedFile:0x000000013adacc18 @tempfile=#<Tempfile:/var/folders/_s/n4ws7k6s375dcb75t5zxb_vh0000gn/T/RackMultipart20240530-94625-e64bcv.csv>, @content_type="text/csv", @original_filename="Sample-Spreadsheet-50000-rows.csv", @headers="Content-Disposition: form-data; name=\"attachment\"; filename=\"Sample-Spreadsheet-50000-rows.csv\"\r\nContent-Type: text/csv\r\n">, "commit"=>"Save"}
  [1m[36mUser Load (11.2ms)[0m  [1m[34mSELECT "users".* FROM "users" WHERE "users"."id" = $1 ORDER BY "users"."id" ASC LIMIT $2[0m  [["id", 1], ["LIMIT", 1]]
Failed to import blogs: no implicit conversion of Hash into String
Redirected to http://localhost:3000/blogs
Completed 302 Found in 27ms (ActiveRecord: 11.2ms | Allocations: 2082)


Started GET "/blogs" for ::1 at 2024-05-30 21:16:12 +0500
Processing by BlogsController#index as TURBO_STREAM
  [1m[36mUser Load (0.1ms)[0m  [1m[34mSELECT "users".* FROM "users" WHERE "users"."id" = $1 ORDER BY "users"."id" ASC LIMIT $2[0m  [["id", 1], ["LIMIT", 1]]
  [1m[36mBlog Count (0.7ms)[0m  [1m[34mSELECT COUNT(*) FROM "blogs" WHERE "blogs"."user_id" = $1[0m  [["user_id", 1]]
  ↳ app/controllers/blogs_controller.rb:9:in `index'
  Rendering layout layouts/application.html.erb
  Rendering blogs/index.html.erb within layouts/application
  [1m[36mBlog Load (0.3ms)[0m  [1m[34mSELECT "blogs".* FROM "blogs" WHERE "blogs"."user_id" = $1 LIMIT $2 OFFSET $3[0m  [["user_id", 1], ["LIMIT", 20], ["OFFSET", 0]]
  ↳ app/views/blogs/index.html.erb:18
  Rendered blogs/_blog.html.erb (Duration: 0.1ms | Allocations: 68)
  Rendered blogs/_blog.html.erb (Duration: 0.0ms | Allocations: 52)
  Rendered blogs/_blog.html.erb (Duration: 0.0ms | Allocations: 52)
  Rendered blogs/_blog.html.erb (Duration: 0.0ms | Allocations: 52)
  Rendered blogs/_blog.html.erb (Duration: 0.0ms | Allocations: 53)
  Rendered blogs/_blog.html.erb (Duration: 0.0ms | Allocations: 52)
  Rendered blogs/index.html.erb within layouts/application (Duration: 1.8ms | Allocations: 1446)
  Rendered layout layouts/application.html.erb (Duration: 4.1ms | Allocations: 4204)
Completed 200 OK in 12ms (Views: 4.1ms | ActiveRecord: 1.1ms | Allocations: 6448)


Started GET "/employees/new" for ::1 at 2024-05-30 21:16:18 +0500
Processing by EmployeesController#new as HTML
  [1m[36mUser Load (0.3ms)[0m  [1m[34mSELECT "users".* FROM "users" WHERE "users"."id" = $1 ORDER BY "users"."id" ASC LIMIT $2[0m  [["id", 1], ["LIMIT", 1]]
  Rendering layout layouts/application.html.erb
  Rendering employees/new.html.erb within layouts/application
  Rendered employees/new.html.erb within layouts/application (Duration: 0.6ms | Allocations: 595)
  Rendered layout layouts/application.html.erb (Duration: 4.2ms | Allocations: 3558)
Completed 200 OK in 10ms (Views: 6.5ms | ActiveRecord: 0.3ms | Allocations: 5850)


Started GET "/blogs" for ::1 at 2024-05-30 21:17:46 +0500
Processing by BlogsController#index as HTML
  [1m[36mUser Load (1.5ms)[0m  [1m[34mSELECT "users".* FROM "users" WHERE "users"."id" = $1 ORDER BY "users"."id" ASC LIMIT $2[0m  [["id", 1], ["LIMIT", 1]]
  [1m[36mBlog Count (0.4ms)[0m  [1m[34mSELECT COUNT(*) FROM "blogs" WHERE "blogs"."user_id" = $1[0m  [["user_id", 1]]
  ↳ app/controllers/blogs_controller.rb:9:in `index'
  Rendering layout layouts/application.html.erb
  Rendering blogs/index.html.erb within layouts/application
  [1m[36mBlog Load (0.2ms)[0m  [1m[34mSELECT "blogs".* FROM "blogs" WHERE "blogs"."user_id" = $1 LIMIT $2 OFFSET $3[0m  [["user_id", 1], ["LIMIT", 20], ["OFFSET", 0]]
  ↳ app/views/blogs/index.html.erb:18
  Rendered blogs/_blog.html.erb (Duration: 0.2ms | Allocations: 130)
  Rendered blogs/_blog.html.erb (Duration: 0.1ms | Allocations: 52)
  Rendered blogs/_blog.html.erb (Duration: 0.0ms | Allocations: 52)
  Rendered blogs/_blog.html.erb (Duration: 0.0ms | Allocations: 52)
  Rendered blogs/_blog.html.erb (Duration: 0.0ms | Allocations: 53)
  Rendered blogs/_blog.html.erb (Duration: 0.0ms | Allocations: 52)
  Rendered blogs/index.html.erb within layouts/application (Duration: 5.8ms | Allocations: 3795)
  Rendered layout layouts/application.html.erb (Duration: 9.3ms | Allocations: 6823)
Completed 200 OK in 32ms (Views: 7.6ms | ActiveRecord: 13.0ms | Allocations: 17609)


Started GET "/blogs/new" for ::1 at 2024-05-30 21:17:47 +0500
Processing by BlogsController#new as HTML
  [1m[36mUser Load (0.2ms)[0m  [1m[34mSELECT "users".* FROM "users" WHERE "users"."id" = $1 ORDER BY "users"."id" ASC LIMIT $2[0m  [["id", 1], ["LIMIT", 1]]
  Rendering layout layouts/application.html.erb
  Rendering blogs/new.html.erb within layouts/application
  Rendered blogs/_form.html.erb (Duration: 3.9ms | Allocations: 1387)
  Rendered blogs/new.html.erb within layouts/application (Duration: 5.3ms | Allocations: 1760)
  Rendered layout layouts/application.html.erb (Duration: 9.1ms | Allocations: 4629)
Completed 200 OK in 14ms (Views: 9.7ms | ActiveRecord: 0.2ms | Allocations: 6655)


Started POST "/blogs/import" for ::1 at 2024-05-30 21:17:52 +0500
Processing by BlogsController#import as TURBO_STREAM
  Parameters: {"authenticity_token"=>"[FILTERED]", "attachment"=>#<ActionDispatch::Http::UploadedFile:0x000000013afef0c0 @tempfile=#<Tempfile:/var/folders/_s/n4ws7k6s375dcb75t5zxb_vh0000gn/T/RackMultipart20240530-94625-hc2nrh.csv>, @content_type="text/csv", @original_filename="Sample-Spreadsheet-50000-rows.csv", @headers="Content-Disposition: form-data; name=\"attachment\"; filename=\"Sample-Spreadsheet-50000-rows.csv\"\r\nContent-Type: text/csv\r\n">, "commit"=>"Save"}
  [1m[36mUser Load (0.2ms)[0m  [1m[34mSELECT "users".* FROM "users" WHERE "users"."id" = $1 ORDER BY "users"."id" ASC LIMIT $2[0m  [["id", 1], ["LIMIT", 1]]
Failed to import blogs: no implicit conversion of Hash into String
Redirected to http://localhost:3000/blogs
Completed 302 Found in 2ms (ActiveRecord: 0.2ms | Allocations: 2167)


Started GET "/blogs" for ::1 at 2024-05-30 21:17:52 +0500
Processing by BlogsController#index as TURBO_STREAM
  [1m[36mUser Load (0.1ms)[0m  [1m[34mSELECT "users".* FROM "users" WHERE "users"."id" = $1 ORDER BY "users"."id" ASC LIMIT $2[0m  [["id", 1], ["LIMIT", 1]]
  [1m[36mBlog Count (0.4ms)[0m  [1m[34mSELECT COUNT(*) FROM "blogs" WHERE "blogs"."user_id" = $1[0m  [["user_id", 1]]
  ↳ app/controllers/blogs_controller.rb:9:in `index'
  Rendering layout layouts/application.html.erb
  Rendering blogs/index.html.erb within layouts/application
  [1m[36mBlog Load (0.1ms)[0m  [1m[34mSELECT "blogs".* FROM "blogs" WHERE "blogs"."user_id" = $1 LIMIT $2 OFFSET $3[0m  [["user_id", 1], ["LIMIT", 20], ["OFFSET", 0]]
  ↳ app/views/blogs/index.html.erb:18
  Rendered blogs/_blog.html.erb (Duration: 0.1ms | Allocations: 74)
  Rendered blogs/_blog.html.erb (Duration: 0.0ms | Allocations: 52)
  Rendered blogs/_blog.html.erb (Duration: 0.0ms | Allocations: 52)
  Rendered blogs/_blog.html.erb (Duration: 0.0ms | Allocations: 52)
  Rendered blogs/_blog.html.erb (Duration: 0.0ms | Allocations: 53)
  Rendered blogs/_blog.html.erb (Duration: 0.0ms | Allocations: 52)
  Rendered blogs/index.html.erb within layouts/application (Duration: 1.3ms | Allocations: 1476)
  Rendered layout layouts/application.html.erb (Duration: 2.7ms | Allocations: 4235)
Completed 200 OK in 5ms (Views: 2.8ms | ActiveRecord: 0.6ms | Allocations: 6493)


Started GET "/blogs" for ::1 at 2024-05-30 21:18:41 +0500
Processing by BlogsController#index as HTML
  [1m[36mUser Load (0.1ms)[0m  [1m[34mSELECT "users".* FROM "users" WHERE "users"."id" = $1 ORDER BY "users"."id" ASC LIMIT $2[0m  [["id", 1], ["LIMIT", 1]]
  [1m[36mBlog Count (0.6ms)[0m  [1m[34mSELECT COUNT(*) FROM "blogs" WHERE "blogs"."user_id" = $1[0m  [["user_id", 1]]
  ↳ app/controllers/blogs_controller.rb:9:in `index'
  Rendering layout layouts/application.html.erb
  Rendering blogs/index.html.erb within layouts/application
  [1m[36mBlog Load (0.2ms)[0m  [1m[34mSELECT "blogs".* FROM "blogs" WHERE "blogs"."user_id" = $1 LIMIT $2 OFFSET $3[0m  [["user_id", 1], ["LIMIT", 20], ["OFFSET", 0]]
  ↳ app/views/blogs/index.html.erb:18
  Rendered blogs/_blog.html.erb (Duration: 0.2ms | Allocations: 130)
  Rendered blogs/_blog.html.erb (Duration: 0.0ms | Allocations: 52)
  Rendered blogs/_blog.html.erb (Duration: 0.0ms | Allocations: 52)
  Rendered blogs/_blog.html.erb (Duration: 0.0ms | Allocations: 52)
  Rendered blogs/_blog.html.erb (Duration: 0.0ms | Allocations: 53)
  Rendered blogs/_blog.html.erb (Duration: 0.0ms | Allocations: 52)
  Rendered blogs/index.html.erb within layouts/application (Duration: 4.7ms | Allocations: 3795)
  Rendered layout layouts/application.html.erb (Duration: 7.8ms | Allocations: 6809)
Completed 200 OK in 25ms (Views: 7.0ms | ActiveRecord: 8.0ms | Allocations: 17586)


Started POST "/blogs/import" for ::1 at 2024-05-30 21:18:46 +0500
Processing by BlogsController#import as TURBO_STREAM
  Parameters: {"authenticity_token"=>"[FILTERED]", "attachment"=>#<ActionDispatch::Http::UploadedFile:0x000000014fdd9f00 @tempfile=#<Tempfile:/var/folders/_s/n4ws7k6s375dcb75t5zxb_vh0000gn/T/RackMultipart20240530-94625-lri6ug.csv>, @content_type="text/csv", @original_filename="Sample-Spreadsheet-50000-rows.csv", @headers="Content-Disposition: form-data; name=\"attachment\"; filename=\"Sample-Spreadsheet-50000-rows.csv\"\r\nContent-Type: text/csv\r\n">, "commit"=>"Save"}
  [1m[36mUser Load (0.2ms)[0m  [1m[34mSELECT "users".* FROM "users" WHERE "users"."id" = $1 ORDER BY "users"."id" ASC LIMIT $2[0m  [["id", 1], ["LIMIT", 1]]
Completed 500 Internal Server Error in 4ms (ActiveRecord: 0.2ms | Allocations: 6382)


  
CSV::MalformedCSVError (Illegal quoting in line 211.):
  
app/controllers/blogs_controller.rb:66:in `import'
Started GET "/blogs" for ::1 at 2024-05-30 22:07:08 +0500
Processing by BlogsController#index as HTML
  [1m[36mUser Load (3.5ms)[0m  [1m[34mSELECT "users".* FROM "users" WHERE "users"."id" = $1 ORDER BY "users"."id" ASC LIMIT $2[0m  [["id", 1], ["LIMIT", 1]]
  [1m[36mBlog Count (1.9ms)[0m  [1m[34mSELECT COUNT(*) FROM "blogs" WHERE "blogs"."user_id" = $1[0m  [["user_id", 1]]
  ↳ app/controllers/blogs_controller.rb:9:in `index'
  Rendering layout layouts/application.html.erb
  Rendering blogs/index.html.erb within layouts/application
  [1m[36mBlog Load (0.3ms)[0m  [1m[34mSELECT "blogs".* FROM "blogs" WHERE "blogs"."user_id" = $1 LIMIT $2 OFFSET $3[0m  [["user_id", 1], ["LIMIT", 20], ["OFFSET", 0]]
  ↳ app/views/blogs/index.html.erb:18
  Rendered blogs/_blog.html.erb (Duration: 0.5ms | Allocations: 130)
  Rendered blogs/_blog.html.erb (Duration: 0.0ms | Allocations: 52)
  Rendered blogs/_blog.html.erb (Duration: 0.0ms | Allocations: 52)
  Rendered blogs/_blog.html.erb (Duration: 0.1ms | Allocations: 52)
  Rendered blogs/_blog.html.erb (Duration: 0.0ms | Allocations: 53)
  Rendered blogs/_blog.html.erb (Duration: 0.0ms | Allocations: 52)
  Rendered blogs/index.html.erb within layouts/application (Duration: 4.7ms | Allocations: 3772)
  Rendered layout layouts/application.html.erb (Duration: 9.0ms | Allocations: 6802)
Completed 200 OK in 108ms (Views: 9.8ms | ActiveRecord: 48.3ms | Allocations: 20096)


Started POST "/blogs/import" for ::1 at 2024-05-30 22:07:14 +0500
Processing by BlogsController#import as TURBO_STREAM
  Parameters: {"authenticity_token"=>"[FILTERED]", "attachment"=>#<ActionDispatch::Http::UploadedFile:0x000000013d52c180 @tempfile=#<Tempfile:/var/folders/_s/n4ws7k6s375dcb75t5zxb_vh0000gn/T/RackMultipart20240530-94625-ijno1k.csv>, @content_type="text/csv", @original_filename="Sample-Spreadsheet-50000-rows.csv", @headers="Content-Disposition: form-data; name=\"attachment\"; filename=\"Sample-Spreadsheet-50000-rows.csv\"\r\nContent-Type: text/csv\r\n">, "commit"=>"Save"}
  [1m[36mUser Load (2.1ms)[0m  [1m[34mSELECT "users".* FROM "users" WHERE "users"."id" = $1 ORDER BY "users"."id" ASC LIMIT $2[0m  [["id", 1], ["LIMIT", 1]]
Completed 500 Internal Server Error in 52ms (ActiveRecord: 2.1ms | Allocations: 30570)


  
CSV::MalformedCSVError (Illegal quoting in line 211.):
  
app/controllers/blogs_controller.rb:70:in `import'
Started GET "/blogs" for ::1 at 2024-05-30 22:08:55 +0500
Processing by BlogsController#index as HTML
Completed 401 Unauthorized in 4ms (ActiveRecord: 0.0ms | Allocations: 2519)


Started GET "/users/sign_in" for ::1 at 2024-05-30 22:08:55 +0500
Processing by Devise::SessionsController#new as HTML
  Rendering layout layouts/application.html.erb
  Rendering /Users/uzair/.asdf/installs/ruby/3.0.2/lib/ruby/gems/3.0.0/gems/devise-4.9.3/app/views/devise/sessions/new.html.erb within layouts/application
  Rendered /Users/uzair/.asdf/installs/ruby/3.0.2/lib/ruby/gems/3.0.0/gems/devise-4.9.3/app/views/devise/shared/_links.html.erb (Duration: 0.7ms | Allocations: 1002)
  Rendered /Users/uzair/.asdf/installs/ruby/3.0.2/lib/ruby/gems/3.0.0/gems/devise-4.9.3/app/views/devise/sessions/new.html.erb within layouts/application (Duration: 5.4ms | Allocations: 4447)
  Rendered layout layouts/application.html.erb (Duration: 7.8ms | Allocations: 7322)
Completed 200 OK in 30ms (Views: 9.5ms | ActiveRecord: 16.1ms | Allocations: 12180)


Started POST "/users/sign_in" for ::1 at 2024-05-30 22:09:02 +0500
Processing by Devise::SessionsController#create as TURBO_STREAM
  Parameters: {"authenticity_token"=>"[FILTERED]", "user"=>{"email"=>"admin@testing.com", "password"=>"[FILTERED]", "remember_me"=>"0"}, "commit"=>"Log in"}
Completed 401 Unauthorized in 1ms (ActiveRecord: 0.0ms | Allocations: 523)


Processing by Devise::SessionsController#new as TURBO_STREAM
  Parameters: {"authenticity_token"=>"[FILTERED]", "user"=>{"email"=>"admin@testing.com", "password"=>"[FILTERED]", "remember_me"=>"0"}, "commit"=>"Log in"}
  Rendering layout layouts/application.html.erb
  Rendering /Users/uzair/.asdf/installs/ruby/3.0.2/lib/ruby/gems/3.0.0/gems/devise-4.9.3/app/views/devise/sessions/new.html.erb within layouts/application
  Rendered /Users/uzair/.asdf/installs/ruby/3.0.2/lib/ruby/gems/3.0.0/gems/devise-4.9.3/app/views/devise/shared/_links.html.erb (Duration: 1.6ms | Allocations: 138)
  Rendered /Users/uzair/.asdf/installs/ruby/3.0.2/lib/ruby/gems/3.0.0/gems/devise-4.9.3/app/views/devise/sessions/new.html.erb within layouts/application (Duration: 5.5ms | Allocations: 1244)
  Rendered layout layouts/application.html.erb (Duration: 14.8ms | Allocations: 3872)
Completed 200 OK in 18ms (Views: 17.8ms | ActiveRecord: 0.0ms | Allocations: 4505)


Started POST "/users/sign_in" for ::1 at 2024-05-30 22:09:06 +0500
Processing by Devise::SessionsController#create as TURBO_STREAM
  Parameters: {"authenticity_token"=>"[FILTERED]", "user"=>{"email"=>"admin@testing.com", "password"=>"[FILTERED]", "remember_me"=>"0"}, "commit"=>"Log in"}
  [1m[36mUser Load (0.5ms)[0m  [1m[34mSELECT "users".* FROM "users" WHERE "users"."email" = $1 ORDER BY "users"."id" ASC LIMIT $2[0m  [["email", "admin@testing.com"], ["LIMIT", 1]]
Redirected to http://localhost:3000/blogs
Completed 303 See Other in 308ms (ActiveRecord: 0.5ms | Allocations: 4784)


Started GET "/blogs" for ::1 at 2024-05-30 22:09:06 +0500
Processing by BlogsController#index as TURBO_STREAM
  [1m[36mUser Load (0.3ms)[0m  [1m[34mSELECT "users".* FROM "users" WHERE "users"."id" = $1 ORDER BY "users"."id" ASC LIMIT $2[0m  [["id", 1], ["LIMIT", 1]]
  [1m[36mBlog Count (0.3ms)[0m  [1m[34mSELECT COUNT(*) FROM "blogs" WHERE "blogs"."user_id" = $1[0m  [["user_id", 1]]
  ↳ app/controllers/blogs_controller.rb:9:in `index'
  Rendering layout layouts/application.html.erb
  Rendering blogs/index.html.erb within layouts/application
  [1m[36mBlog Load (0.3ms)[0m  [1m[34mSELECT "blogs".* FROM "blogs" WHERE "blogs"."user_id" = $1 LIMIT $2 OFFSET $3[0m  [["user_id", 1], ["LIMIT", 20], ["OFFSET", 0]]
  ↳ app/views/blogs/index.html.erb:18
  Rendered blogs/_blog.html.erb (Duration: 0.1ms | Allocations: 126)
  Rendered blogs/_blog.html.erb (Duration: 0.0ms | Allocations: 52)
  Rendered blogs/_blog.html.erb (Duration: 0.0ms | Allocations: 52)
  Rendered blogs/_blog.html.erb (Duration: 0.0ms | Allocations: 52)
  Rendered blogs/_blog.html.erb (Duration: 0.0ms | Allocations: 53)
  Rendered blogs/_blog.html.erb (Duration: 0.5ms | Allocations: 52)
  Rendered blogs/index.html.erb within layouts/application (Duration: 11.0ms | Allocations: 3795)
  Rendered layout layouts/application.html.erb (Duration: 29.0ms | Allocations: 6817)
Completed 200 OK in 44ms (Views: 27.5ms | ActiveRecord: 6.3ms | Allocations: 12564)


Started POST "/blogs/import" for ::1 at 2024-05-30 22:09:18 +0500
Processing by BlogsController#import as TURBO_STREAM
  Parameters: {"authenticity_token"=>"[FILTERED]", "attachment"=>#<ActionDispatch::Http::UploadedFile:0x000000013a856250 @tempfile=#<Tempfile:/var/folders/_s/n4ws7k6s375dcb75t5zxb_vh0000gn/T/RackMultipart20240530-94625-vecntt.csv>, @content_type="text/csv", @original_filename="Sample-Spreadsheet-50000-rows.csv", @headers="Content-Disposition: form-data; name=\"attachment\"; filename=\"Sample-Spreadsheet-50000-rows.csv\"\r\nContent-Type: text/csv\r\n">, "commit"=>"Save"}
  [1m[36mUser Load (0.3ms)[0m  [1m[34mSELECT "users".* FROM "users" WHERE "users"."id" = $1 ORDER BY "users"."id" ASC LIMIT $2[0m  [["id", 1], ["LIMIT", 1]]
Malformed CSV error at line 209: Illegal quoting in line 211.
Malformed CSV error at line 419: Illegal quoting in line 211.
Malformed CSV error at line 629: Illegal quoting in line 211.
Malformed CSV error at line 839: Illegal quoting in line 211.
Completed 500 Internal Server Error in 91ms (ActiveRecord: 0.3ms | Allocations: 142622)


  
NoMethodError (undefined method `import' for Blog:Class):
  
app/controllers/blogs_controller.rb:101:in `block in import_blogs'
app/controllers/blogs_controller.rb:100:in `import_blogs'
app/controllers/blogs_controller.rb:77:in `block in import'
app/controllers/blogs_controller.rb:72:in `import'
Started GET "/blogs" for ::1 at 2024-05-31 21:14:09 +0500
  [1m[36mActiveRecord::SchemaMigration Pluck (0.9ms)[0m  [1m[34mSELECT "schema_migrations"."version" FROM "schema_migrations" ORDER BY "schema_migrations"."version" ASC[0m
Processing by BlogsController#index as HTML
  [1m[36mUser Load (1.1ms)[0m  [1m[34mSELECT "users".* FROM "users" WHERE "users"."id" = $1 ORDER BY "users"."id" ASC LIMIT $2[0m  [["id", 1], ["LIMIT", 1]]
  [1m[36mBlog Count (1.3ms)[0m  [1m[34mSELECT COUNT(*) FROM "blogs" WHERE "blogs"."user_id" = $1[0m  [["user_id", 1]]
  ↳ app/controllers/blogs_controller.rb:9:in `index'
  Rendering layout layouts/application.html.erb
  Rendering blogs/index.html.erb within layouts/application
  [1m[36mBlog Load (0.3ms)[0m  [1m[34mSELECT "blogs".* FROM "blogs" WHERE "blogs"."user_id" = $1 LIMIT $2 OFFSET $3[0m  [["user_id", 1], ["LIMIT", 20], ["OFFSET", 0]]
  ↳ app/views/blogs/index.html.erb:18
  Rendered blogs/_blog.html.erb (Duration: 0.5ms | Allocations: 514)
  Rendered blogs/_blog.html.erb (Duration: 0.0ms | Allocations: 52)
  Rendered blogs/_blog.html.erb (Duration: 0.0ms | Allocations: 52)
  Rendered blogs/_blog.html.erb (Duration: 0.0ms | Allocations: 52)
  Rendered blogs/_blog.html.erb (Duration: 0.0ms | Allocations: 53)
  Rendered blogs/_blog.html.erb (Duration: 0.0ms | Allocations: 52)
  Rendered blogs/index.html.erb within layouts/application (Duration: 8.7ms | Allocations: 18361)
  Rendered layout layouts/application.html.erb (Duration: 46.4ms | Allocations: 42220)
Completed 200 OK in 79ms (Views: 46.1ms | ActiveRecord: 11.7ms | Allocations: 80102)


Started GET "/employees/new" for ::1 at 2024-05-31 21:14:10 +0500
Processing by EmployeesController#new as HTML
  [1m[36mUser Load (0.3ms)[0m  [1m[34mSELECT "users".* FROM "users" WHERE "users"."id" = $1 ORDER BY "users"."id" ASC LIMIT $2[0m  [["id", 1], ["LIMIT", 1]]
  Rendering layout layouts/application.html.erb
  Rendering employees/new.html.erb within layouts/application
  Rendered employees/new.html.erb within layouts/application (Duration: 1.1ms | Allocations: 978)
  Rendered layout layouts/application.html.erb (Duration: 3.3ms | Allocations: 3939)
Completed 200 OK in 7ms (Views: 4.5ms | ActiveRecord: 0.3ms | Allocations: 6334)


Started POST "/blogs/import" for ::1 at 2024-05-31 21:14:16 +0500
Processing by BlogsController#import as TURBO_STREAM
  Parameters: {"authenticity_token"=>"[FILTERED]", "attachment"=>#<ActionDispatch::Http::UploadedFile:0x000000014551cd40 @tempfile=#<Tempfile:/var/folders/_s/n4ws7k6s375dcb75t5zxb_vh0000gn/T/RackMultipart20240531-41357-i42r4b.csv>, @content_type="text/csv", @original_filename="Sample-Spreadsheet-50000-rows.csv", @headers="Content-Disposition: form-data; name=\"attachment\"; filename=\"Sample-Spreadsheet-50000-rows.csv\"\r\nContent-Type: text/csv\r\n">, "commit"=>"Save"}
  [1m[36mUser Load (0.3ms)[0m  [1m[34mSELECT "users".* FROM "users" WHERE "users"."id" = $1 ORDER BY "users"."id" ASC LIMIT $2[0m  [["id", 1], ["LIMIT", 1]]
Completed 500 Internal Server Error in 3ms (ActiveRecord: 0.3ms | Allocations: 2379)


  
TypeError (no implicit conversion of String into Integer):
  
app/controllers/blogs_controller.rb:73:in `[]'
app/controllers/blogs_controller.rb:73:in `block (2 levels) in import'
app/controllers/blogs_controller.rb:72:in `block in import'
app/controllers/blogs_controller.rb:68:in `import'
Started GET "/blogs" for ::1 at 2024-05-31 21:15:56 +0500
Processing by BlogsController#index as HTML
  [1m[36mUser Load (0.2ms)[0m  [1m[34mSELECT "users".* FROM "users" WHERE "users"."id" = $1 ORDER BY "users"."id" ASC LIMIT $2[0m  [["id", 1], ["LIMIT", 1]]
  [1m[36mBlog Count (0.5ms)[0m  [1m[34mSELECT COUNT(*) FROM "blogs" WHERE "blogs"."user_id" = $1[0m  [["user_id", 1]]
  ↳ app/controllers/blogs_controller.rb:9:in `index'
  Rendering layout layouts/application.html.erb
  Rendering blogs/index.html.erb within layouts/application
  [1m[36mBlog Load (0.1ms)[0m  [1m[34mSELECT "blogs".* FROM "blogs" WHERE "blogs"."user_id" = $1 LIMIT $2 OFFSET $3[0m  [["user_id", 1], ["LIMIT", 20], ["OFFSET", 0]]
  ↳ app/views/blogs/index.html.erb:18
  Rendered blogs/_blog.html.erb (Duration: 0.3ms | Allocations: 130)
  Rendered blogs/_blog.html.erb (Duration: 0.0ms | Allocations: 52)
  Rendered blogs/_blog.html.erb (Duration: 0.0ms | Allocations: 52)
  Rendered blogs/_blog.html.erb (Duration: 0.0ms | Allocations: 52)
  Rendered blogs/_blog.html.erb (Duration: 0.0ms | Allocations: 53)
  Rendered blogs/_blog.html.erb (Duration: 0.0ms | Allocations: 52)
  Rendered blogs/index.html.erb within layouts/application (Duration: 5.8ms | Allocations: 3795)
  Rendered layout layouts/application.html.erb (Duration: 8.7ms | Allocations: 6826)
Completed 200 OK in 26ms (Views: 6.3ms | ActiveRecord: 10.5ms | Allocations: 17665)


Started GET "/blogs" for ::1 at 2024-05-31 21:15:57 +0500
Processing by BlogsController#index as HTML
  [1m[36mUser Load (0.4ms)[0m  [1m[34mSELECT "users".* FROM "users" WHERE "users"."id" = $1 ORDER BY "users"."id" ASC LIMIT $2[0m  [["id", 1], ["LIMIT", 1]]
  [1m[36mBlog Count (0.5ms)[0m  [1m[34mSELECT COUNT(*) FROM "blogs" WHERE "blogs"."user_id" = $1[0m  [["user_id", 1]]
  ↳ app/controllers/blogs_controller.rb:9:in `index'
  Rendering layout layouts/application.html.erb
  Rendering blogs/index.html.erb within layouts/application
  [1m[36mBlog Load (0.3ms)[0m  [1m[34mSELECT "blogs".* FROM "blogs" WHERE "blogs"."user_id" = $1 LIMIT $2 OFFSET $3[0m  [["user_id", 1], ["LIMIT", 20], ["OFFSET", 0]]
  ↳ app/views/blogs/index.html.erb:18
  Rendered blogs/_blog.html.erb (Duration: 0.2ms | Allocations: 68)
  Rendered blogs/_blog.html.erb (Duration: 0.1ms | Allocations: 52)
  Rendered blogs/_blog.html.erb (Duration: 0.1ms | Allocations: 52)
  Rendered blogs/_blog.html.erb (Duration: 0.1ms | Allocations: 52)
  Rendered blogs/_blog.html.erb (Duration: 0.1ms | Allocations: 53)
  Rendered blogs/_blog.html.erb (Duration: 0.2ms | Allocations: 52)
  Rendered blogs/index.html.erb within layouts/application (Duration: 3.6ms | Allocations: 1442)
  Rendered layout layouts/application.html.erb (Duration: 9.6ms | Allocations: 4198)
Completed 200 OK in 18ms (Views: 10.2ms | ActiveRecord: 1.2ms | Allocations: 6509)


Started POST "/blogs/import" for ::1 at 2024-05-31 21:16:01 +0500
Processing by BlogsController#import as TURBO_STREAM
  Parameters: {"authenticity_token"=>"[FILTERED]", "attachment"=>#<ActionDispatch::Http::UploadedFile:0x0000000125ebb100 @tempfile=#<Tempfile:/var/folders/_s/n4ws7k6s375dcb75t5zxb_vh0000gn/T/RackMultipart20240531-41357-jzzz81.csv>, @content_type="text/csv", @original_filename="Sample-Spreadsheet-50000-rows.csv", @headers="Content-Disposition: form-data; name=\"attachment\"; filename=\"Sample-Spreadsheet-50000-rows.csv\"\r\nContent-Type: text/csv\r\n">, "commit"=>"Save"}
  [1m[36mUser Load (0.3ms)[0m  [1m[34mSELECT "users".* FROM "users" WHERE "users"."id" = $1 ORDER BY "users"."id" ASC LIMIT $2[0m  [["id", 1], ["LIMIT", 1]]
Completed 500 Internal Server Error in 3ms (ActiveRecord: 0.3ms | Allocations: 2004)


  
TypeError (no implicit conversion of String into Integer):
  
app/controllers/blogs_controller.rb:75:in `[]'
app/controllers/blogs_controller.rb:75:in `block (2 levels) in import'
app/controllers/blogs_controller.rb:74:in `block in import'
app/controllers/blogs_controller.rb:71:in `import'
